#
# There is insufficient memory for the Java Runtime Environment to continue.
# Native memory allocation (malloc) failed to allocate 1048576 bytes. Error detail: AllocateHeap
# Possible reasons:
#   The system is out of physical RAM or swap space
#   This process is running with CompressedOops enabled, and the Java Heap may be blocking the growth of the native heap
# Possible solutions:
#   Reduce memory load on the system
#   Increase physical memory or swap space
#   Check if swap backing store is full
#   Decrease Java heap size (-Xmx/-Xms)
#   Decrease number of Java threads
#   Decrease Java thread stack sizes (-Xss)
#   Set larger code cache with -XX:ReservedCodeCacheSize=
#   JVM is running with Unscaled Compressed Oops mode in which the Java heap is
#     placed in the first 4GB address space. The Java Heap base address is the
#     maximum limit for the native heap growth. Please use -XX:HeapBaseMinAddress
#     to set the Java Heap base and to place the Java Heap above 4GB virtual address.
# This output file may be truncated or incomplete.
#
#  Out of Memory Error (allocation.cpp:44), pid=6004, tid=8460
#
# JRE version: OpenJDK Runtime Environment Temurin-21.0.10+7 (21.0.10+7) (build 21.0.10+7-LTS)
# Java VM: OpenJDK 64-Bit Server VM Temurin-21.0.10+7 (21.0.10+7-LTS, mixed mode, sharing, tiered, compressed oops, compressed class ptrs, parallel gc, windows-amd64)
# No core dump will be written. Minidumps are not enabled by default on client versions of Windows
#

---------------  S U M M A R Y ------------

Command Line: --add-modules=ALL-SYSTEM --add-opens=java.base/java.util=ALL-UNNAMED --add-opens=java.base/java.lang=ALL-UNNAMED --add-opens=java.base/sun.nio.fs=ALL-UNNAMED -Declipse.application=org.eclipse.jdt.ls.core.id1 -Dosgi.bundles.defaultStartLevel=4 -Declipse.product=org.eclipse.jdt.ls.core.product -Djava.import.generatesMetadataFilesAtProjectRoot=false -DDetectVMInstallationsJob.disabled=true -Dfile.encoding=utf8 -XX:+UseParallelGC -XX:GCTimeRatio=4 -XX:AdaptiveSizePolicyWeight=90 -Dsun.zip.disableMemoryMapping=true -Xmx2G -Xms100m -Xlog:disable -javaagent:c:\Users\ibra\.vscode\extensions\redhat.java-1.53.0-win32-x64\lombok\lombok-1.18.39-4050.jar -XX:+HeapDumpOnOutOfMemoryError -XX:HeapDumpPath=c:\Users\ibra\AppData\Roaming\Code\User\workspaceStorage\9a49d85e5b7e2f713afd8ea770c9460b\redhat.java -Daether.dependencyCollector.impl=bf c:\Users\ibra\.vscode\extensions\redhat.java-1.53.0-win32-x64\server\plugins\org.eclipse.equinox.launcher_1.7.100.v20251111-0406.jar -configuration c:\Users\ibra\AppData\Roaming\Code\User\globalStorage\redhat.java\1.53.0\config_win -data c:\Users\ibra\AppData\Roaming\Code\User\workspaceStorage\9a49d85e5b7e2f713afd8ea770c9460b\redhat.java\jdt_ws --pipe=\\.\pipe\lsp-5fafc1d8338ded280d13ad89c2f058ec-sock

Host: Intel(R) Core(TM) i5-6300U CPU @ 2.40GHz, 4 cores, 7G,  Windows 11 , 64 bit Build 22000 (10.0.22000.2836)
Time: Fri Mar 27 12:02:27 2026 Temps universel coordonné elapsed time: 69796.240717 seconds (0d 19h 23m 16s)

---------------  T H R E A D  ---------------

Current thread (0x0000021854537270):  JavaThread "Attach Listener" daemon [_thread_in_vm, id=8460, stack(0x000000d621900000,0x000000d621a00000) (1024K)]

Stack: [0x000000d621900000,0x000000d621a00000]
Native frames: (J=compiled Java code, j=interpreted, Vv=VM code, C=native code)
V  [jvm.dll+0x6d7a39]
V  [jvm.dll+0x8b4b26]
V  [jvm.dll+0x8b70de]
V  [jvm.dll+0x8b77c3]
V  [jvm.dll+0x284346]
V  [jvm.dll+0xc1277]
V  [jvm.dll+0x6d82e9]
V  [jvm.dll+0x1334a6]
V  [jvm.dll+0x3f857e]
V  [jvm.dll+0x85f59d]
V  [jvm.dll+0x6d626d]
C  [ucrtbase.dll+0x26c0c]
C  [KERNEL32.DLL+0x153e0]
C  [ntdll.dll+0x485b]


---------------  P R O C E S S  ---------------

Threads class SMR info:
_java_thread_list=0x000002189dc6dd80, length=37, elements={
0x000002183db454f0, 0x0000021854533350, 0x0000021854534860, 0x0000021854536350,
0x0000021854537270, 0x000002185453a0a0, 0x000002185453bf10, 0x000002185453cca0,
0x00000218545ae690, 0x000002189632b370, 0x000002189645b800, 0x0000021896848700,
0x0000021896ae04a0, 0x0000021896514c50, 0x00000218965152c0, 0x0000021896375ba0,
0x0000021896bc97f0, 0x000002189b2a6e20, 0x0000021896c1f9a0, 0x0000021896c1ec80,
0x0000021896c1cbb0, 0x0000021896c1d8d0, 0x000002189bcb8560, 0x000002189bcb7ed0,
0x000002189bcba630, 0x000002189bcbacc0, 0x000002189bcb9280, 0x000002189bcb9fa0,
0x000002189bcb8bf0, 0x000002189dbc44e0, 0x000002189dbc37c0, 0x000002189dbc4b70,
0x000002189dbc5200, 0x000002189dbc16f0, 0x000002189dbc6c40, 0x000002189dbc5f20,
0x000002189dbc72d0
}

Java Threads: ( => current thread )
  0x000002183db454f0 JavaThread "main"                              [_thread_blocked, id=16212, stack(0x000000d621200000,0x000000d621300000) (1024K)]
  0x0000021854533350 JavaThread "Reference Handler"          daemon [_thread_blocked, id=7996, stack(0x000000d621600000,0x000000d621700000) (1024K)]
  0x0000021854534860 JavaThread "Finalizer"                  daemon [_thread_blocked, id=12872, stack(0x000000d621700000,0x000000d621800000) (1024K)]
  0x0000021854536350 JavaThread "Signal Dispatcher"          daemon [_thread_blocked, id=12456, stack(0x000000d621800000,0x000000d621900000) (1024K)]
=>0x0000021854537270 JavaThread "Attach Listener"            daemon [_thread_in_vm, id=8460, stack(0x000000d621900000,0x000000d621a00000) (1024K)]
  0x000002185453a0a0 JavaThread "Service Thread"             daemon [_thread_blocked, id=16296, stack(0x000000d621a00000,0x000000d621b00000) (1024K)]
  0x000002185453bf10 JavaThread "Monitor Deflation Thread"   daemon [_thread_blocked, id=6524, stack(0x000000d621b00000,0x000000d621c00000) (1024K)]
  0x000002185453cca0 JavaThread "C2 CompilerThread0"         daemon [_thread_blocked, id=15372, stack(0x000000d621c00000,0x000000d621d00000) (1024K)]
  0x00000218545ae690 JavaThread "C1 CompilerThread0"         daemon [_thread_blocked, id=6128, stack(0x000000d621d00000,0x000000d621e00000) (1024K)]
  0x000002189632b370 JavaThread "Common-Cleaner"             daemon [_thread_blocked, id=2568, stack(0x000000d621e00000,0x000000d621f00000) (1024K)]
  0x000002189645b800 JavaThread "Notification Thread"        daemon [_thread_blocked, id=1464, stack(0x000000d621f00000,0x000000d622000000) (1024K)]
  0x0000021896848700 JavaThread "Active Thread: Equinox Container: e5de9c59-5789-413c-bde4-0a1e64504678"        [_thread_blocked, id=6800, stack(0x000000d622300000,0x000000d622400000) (1024K)]
  0x0000021896ae04a0 JavaThread "Refresh Thread: Equinox Container: e5de9c59-5789-413c-bde4-0a1e64504678" daemon [_thread_blocked, id=5556, stack(0x000000d622400000,0x000000d622500000) (1024K)]
  0x0000021896514c50 JavaThread "Framework Event Dispatcher: Equinox Container: e5de9c59-5789-413c-bde4-0a1e64504678" daemon [_thread_blocked, id=2204, stack(0x000000d622500000,0x000000d622600000) (1024K)]
  0x00000218965152c0 JavaThread "Start Level: Equinox Container: e5de9c59-5789-413c-bde4-0a1e64504678" daemon [_thread_blocked, id=5408, stack(0x000000d622600000,0x000000d622700000) (1024K)]
  0x0000021896375ba0 JavaThread "Bundle File Closer"         daemon [_thread_blocked, id=6608, stack(0x000000d621100000,0x000000d621200000) (1024K)]
  0x0000021896bc97f0 JavaThread "SCR Component Actor"        daemon [_thread_blocked, id=6108, stack(0x000000d621000000,0x000000d621100000) (1024K)]
  0x000002189b2a6e20 JavaThread "Worker-JM"                         [_thread_blocked, id=14896, stack(0x000000d622700000,0x000000d622800000) (1024K)]
  0x0000021896c1f9a0 JavaThread "JNA Cleaner"                daemon [_thread_blocked, id=9644, stack(0x000000d622a00000,0x000000d622b00000) (1024K)]
  0x0000021896c1ec80 JavaThread "Worker-2"                          [_thread_blocked, id=6188, stack(0x000000d622d00000,0x000000d622e00000) (1024K)]
  0x0000021896c1cbb0 JavaThread "Java indexing"              daemon [_thread_blocked, id=7312, stack(0x000000d622f00000,0x000000d623000000) (1024K)]
  0x0000021896c1d8d0 JavaThread "Thread-1"                   daemon [_thread_in_native, id=8056, stack(0x000000d623300000,0x000000d623400000) (1024K)]
  0x000002189bcb8560 JavaThread "Thread-2"                   daemon [_thread_in_native, id=3196, stack(0x000000d623400000,0x000000d623500000) (1024K)]
  0x000002189bcb7ed0 JavaThread "Thread-3"                   daemon [_thread_in_native, id=12748, stack(0x000000d623500000,0x000000d623600000) (1024K)]
  0x000002189bcba630 JavaThread "Thread-4"                   daemon [_thread_in_native, id=12320, stack(0x000000d623600000,0x000000d623700000) (1024K)]
  0x000002189bcbacc0 JavaThread "Thread-5"                   daemon [_thread_in_native, id=1284, stack(0x000000d623700000,0x000000d623800000) (1024K)]
  0x000002189bcb9280 JavaThread "pool-2-thread-1"                   [_thread_blocked, id=11048, stack(0x000000d623800000,0x000000d623900000) (1024K)]
  0x000002189bcb9fa0 JavaThread "WorkspaceEventsHandler"            [_thread_blocked, id=2840, stack(0x000000d623900000,0x000000d623a00000) (1024K)]
  0x000002189bcb8bf0 JavaThread "pool-1-thread-1"                   [_thread_blocked, id=7188, stack(0x000000d623a00000,0x000000d623b00000) (1024K)]
  0x000002189dbc44e0 JavaThread "Cleaner-0"                  daemon [_thread_blocked, id=11060, stack(0x000000d622900000,0x000000d622a00000) (1024K)]
  0x000002189dbc37c0 JavaThread "Java Debug Server"          daemon [_thread_in_native, id=16104, stack(0x000000d622800000,0x000000d622900000) (1024K)]
  0x000002189dbc4b70 JavaThread "pool-4-thread-1"                   [_thread_in_native, id=3664, stack(0x000000d622b00000,0x000000d622c00000) (1024K)]
  0x000002189dbc5200 JavaThread "RxSchedulerPurge-1"         daemon [_thread_blocked, id=9708, stack(0x000000d622c00000,0x000000d622d00000) (1024K)]
  0x000002189dbc16f0 JavaThread "RxCachedWorkerPoolEvictor-1" daemon [_thread_blocked, id=14984, stack(0x000000d622e00000,0x000000d622f00000) (1024K)]
  0x000002189dbc6c40 JavaThread "RxNewThreadScheduler-1"     daemon [_thread_blocked, id=15964, stack(0x000000d623000000,0x000000d623100000) (1024K)]
  0x000002189dbc5f20 JavaThread "process reaper (pid 4456)"  daemon [_thread_in_native, id=2908, stack(0x000000d620d70000,0x000000d620d90000) (128K)]
  0x000002189dbc72d0 JavaThread "Worker-5"                          [_thread_blocked, id=17548, stack(0x000000d623200000,0x000000d623300000) (1024K)]
Total: 37

Other Threads:
  0x000002183dc04740 VMThread "VM Thread"                           [id=2504, stack(0x000000d621500000,0x000000d621600000) (1024K)]
  0x00000218544dca00 WatcherThread "VM Periodic Task Thread"        [id=14380, stack(0x000000d621400000,0x000000d621500000) (1024K)]
  0x000002183db641f0 WorkerThread "GC Thread#0"                     [id=4620, stack(0x000000d621300000,0x000000d621400000) (1024K)]
  0x000002189654f840 WorkerThread "GC Thread#1"                     [id=9112, stack(0x000000d622000000,0x000000d622100000) (1024K)]
  0x000002189678fac0 WorkerThread "GC Thread#2"                     [id=12328, stack(0x000000d622100000,0x000000d622200000) (1024K)]
  0x0000021896aa0730 WorkerThread "GC Thread#3"                     [id=14044, stack(0x000000d622200000,0x000000d622300000) (1024K)]
Total: 6

Threads with active compile tasks:
Total: 0

VM state: not at safepoint (normal execution)

VM Mutex/Monitor currently owned by a thread: None

Heap address: 0x0000000080000000, size: 2048 MB, Compressed Oops mode: 32-bit

CDS archive(s) mapped at: [0x0000021855000000-0x0000021855ba0000-0x0000021855ba0000), size 12189696, SharedBaseAddress: 0x0000021855000000, ArchiveRelocationMode: 1.
Compressed class space mapped at: 0x0000021856000000-0x0000021896000000, reserved size: 1073741824
Narrow klass base: 0x0000021855000000, Narrow klass shift: 0, Narrow klass range: 0x100000000

GC Precious Log:
 CardTable entry size: 512
 CPUs: 4 total, 4 available
 Memory: 8072M
 Large Page Support: Disabled
 NUMA Support: Disabled
 Compressed Oops: Enabled (32-bit)
 Alignments: Space 512K, Generation 512K, Heap 2M
 Heap Min Capacity: 100M
 Heap Initial Capacity: 100M
 Heap Max Capacity: 2G
 Pre-touch: Disabled
 Parallel Workers: 4

Heap:
 PSYoungGen      total 16896K, used 2540K [0x00000000d5580000, 0x00000000d6980000, 0x0000000100000000)
  eden space 15872K, 12% used [0x00000000d5580000,0x00000000d5761df0,0x00000000d6500000)
  from space 1024K, 59% used [0x00000000d6880000,0x00000000d6919230,0x00000000d6980000)
  to   space 1024K, 0% used [0x00000000d6780000,0x00000000d6780000,0x00000000d6880000)
 ParOldGen       total 100352K, used 100186K [0x0000000080000000, 0x0000000086200000, 0x00000000d5580000)
  object space 100352K, 99% used [0x0000000080000000,0x00000000861d6aa8,0x0000000086200000)
 Metaspace       used 79366K, committed 81024K, reserved 1179648K
  class space    used 8542K, committed 9216K, reserved 1048576K

Card table byte_map: [0x000002183d510000,0x000002183d920000] _byte_map_base: 0x000002183d110000

Marking Bits: (ParMarkBitMap*) 0x00007ffb99213450
 Begin Bits: [0x0000021850000000, 0x0000021852000000)
 End Bits:   [0x0000021852000000, 0x0000021854000000)

Polling page: 0x000002183bb50000

Metaspace:

Usage:
  Non-class:     69.16 MB used.
      Class:      8.34 MB used.
       Both:     77.51 MB used.

Virtual space:
  Non-class space:      128.00 MB reserved,      70.12 MB ( 55%) committed,  2 nodes.
      Class space:        1.00 GB reserved,       9.00 MB ( <1%) committed,  1 nodes.
             Both:        1.12 GB reserved,      79.12 MB (  7%) committed. 

Chunk freelists:
   Non-Class:  9.62 MB
       Class:  7.00 MB
        Both:  16.63 MB

MaxMetaspaceSize: unlimited
CompressedClassSpaceSize: 1.00 GB
Initial GC threshold: 21.00 MB
Current GC threshold: 97.31 MB
CDS: on
 - commit_granule_bytes: 65536.
 - commit_granule_words: 8192.
 - virtual_space_node_default_size: 8388608.
 - enlarge_chunks_in_place: 1.
 - use_allocation_guard: 0.


Internal statistics:

num_allocs_failed_limit: 11.
num_arena_births: 1412.
num_arena_deaths: 14.
num_vsnodes_births: 3.
num_vsnodes_deaths: 0.
num_space_committed: 1266.
num_space_uncommitted: 0.
num_chunks_returned_to_freelist: 25.
num_chunks_taken_from_freelist: 5114.
num_chunk_merges: 14.
num_chunk_splits: 3120.
num_chunks_enlarged: 1693.
num_inconsistent_stats: 0.

CodeHeap 'non-profiled nmethods': size=120000Kb used=10165Kb max_used=10165Kb free=109835Kb
 bounds [0x0000021848820000, 0x0000021849210000, 0x000002184fd50000]
CodeHeap 'profiled nmethods': size=120000Kb used=29256Kb max_used=29256Kb free=90743Kb
 bounds [0x0000021840d50000, 0x00000218429f0000, 0x0000021848280000]
CodeHeap 'non-nmethods': size=5760Kb used=1503Kb max_used=1576Kb free=4257Kb
 bounds [0x0000021848280000, 0x00000218484f0000, 0x0000021848820000]
CodeCache: size=245760Kb, used=40924Kb, max_used=40997Kb, free=204835Kb
 total_blobs=13463, nmethods=12631, adapters=736, full_count=0
Compilation: enabled, stopped_count=0, restarted_count=0

Compilation events (20 events):
Event: 67586.701 Thread 0x00000218545ae690 nmethod 13489 0x00000218429d7290 code [0x00000218429d7440, 0x00000218429d7620]
Event: 67586.861 Thread 0x00000218545ae690 13490       3       java.lang.invoke.DirectMethodHandle$Holder::getReference (28 bytes)
Event: 67586.863 Thread 0x00000218545ae690 nmethod 13490 0x00000218429d7710 code [0x00000218429d78e0, 0x00000218429d7e50]
Event: 67586.951 Thread 0x00000218545ae690 13491       3       java.util.Calendar::setFieldsComputed (118 bytes)
Event: 67586.951 Thread 0x00000218545ae690 nmethod 13491 0x00000218429d8010 code [0x00000218429d8200, 0x00000218429d8648]
Event: 67586.952 Thread 0x00000218545ae690 13492       3       java.util.Calendar::checkDisplayNameParams (67 bytes)
Event: 67586.953 Thread 0x00000218545ae690 nmethod 13492 0x00000218429d8910 code [0x00000218429d8b00, 0x00000218429d9060]
Event: 67586.953 Thread 0x00000218545ae690 13493       3       java.text.SimpleDateFormat::subFormat (1264 bytes)
Event: 67586.981 Thread 0x00000218545ae690 nmethod 13493 0x00000218429d9210 code [0x00000218429d9b00, 0x00000218429dfd08]
Event: 67587.250 Thread 0x000002185453cca0 nmethod 13484% 0x00000218491f4390 code [0x00000218491f4b20, 0x00000218491f9fc0]
Event: 67587.251 Thread 0x000002185453cca0 13487       4       org.eclipse.jdt.internal.compiler.codegen.ConstantPool::writeU1 (38 bytes)
Event: 67587.257 Thread 0x000002185453cca0 nmethod 13487 0x00000218491fe810 code [0x00000218491fe9a0, 0x00000218491feaf8]
Event: 67587.258 Thread 0x000002185453cca0 13432       4       org.eclipse.core.internal.preferences.EclipsePreferences::absolutePath (79 bytes)
Event: 67587.302 Thread 0x000002185453cca0 nmethod 13432 0x00000218491fec10 code [0x00000218491fee80, 0x00000218491fffe8]
Event: 67587.302 Thread 0x000002185453cca0 13430       4       org.eclipse.jdt.internal.compiler.classfmt.ModuleInfo::hashCode (35 bytes)
Event: 67587.307 Thread 0x000002185453cca0 nmethod 13430 0x0000021849200d90 code [0x0000021849200f80, 0x0000021849201530]
Event: 67587.307 Thread 0x000002185453cca0 13429   !   4       org.eclipse.jdt.internal.core.JavaProject$ModuleLookup::getModule (102 bytes)
Event: 67587.758 Thread 0x000002185453cca0 nmethod 13429 0x0000021849201710 code [0x0000021849201f80, 0x0000021849208fd0]
Event: 67587.760 Thread 0x000002185453cca0 13449       4       org.eclipse.jdt.internal.compiler.env.ITypeAnnotationWalker$1::toMethodParameter (2 bytes)
Event: 67587.760 Thread 0x000002185453cca0 nmethod 13449 0x000002184920d110 code [0x000002184920d2a0, 0x000002184920d328]

GC Heap History (20 events):
Event: 292.939 GC heap before
{Heap before GC invocations=104 (full 3):
 PSYoungGen      total 16384K, used 16242K [0x00000000d5580000, 0x00000000d6800000, 0x0000000100000000)
  eden space 15872K, 100% used [0x00000000d5580000,0x00000000d6500000,0x00000000d6500000)
  from space 512K, 72% used [0x00000000d6780000,0x00000000d67dca50,0x00000000d6800000)
  to   space 1024K, 0% used [0x00000000d6600000,0x00000000d6600000,0x00000000d6700000)
 ParOldGen       total 93696K, used 93378K [0x0000000080000000, 0x0000000085b80000, 0x00000000d5580000)
  object space 93696K, 99% used [0x0000000080000000,0x0000000085b309e0,0x0000000085b80000)
 Metaspace       used 74352K, committed 75904K, reserved 1179648K
  class space    used 7941K, committed 8576K, reserved 1048576K
}
Event: 292.941 GC heap after
{Heap after GC invocations=104 (full 3):
 PSYoungGen      total 16896K, used 449K [0x00000000d5580000, 0x00000000d6800000, 0x0000000100000000)
  eden space 15872K, 0% used [0x00000000d5580000,0x00000000d5580000,0x00000000d6500000)
  from space 1024K, 43% used [0x00000000d6600000,0x00000000d66705d8,0x00000000d6700000)
  to   space 1024K, 0% used [0x00000000d6700000,0x00000000d6700000,0x00000000d6800000)
 ParOldGen       total 93696K, used 93642K [0x0000000080000000, 0x0000000085b80000, 0x00000000d5580000)
  object space 93696K, 99% used [0x0000000080000000,0x0000000085b729f0,0x0000000085b80000)
 Metaspace       used 74352K, committed 75904K, reserved 1179648K
  class space    used 7941K, committed 8576K, reserved 1048576K
}
Event: 35717.601 GC heap before
{Heap before GC invocations=105 (full 3):
 PSYoungGen      total 16896K, used 16321K [0x00000000d5580000, 0x00000000d6800000, 0x0000000100000000)
  eden space 15872K, 100% used [0x00000000d5580000,0x00000000d6500000,0x00000000d6500000)
  from space 1024K, 43% used [0x00000000d6600000,0x00000000d66705d8,0x00000000d6700000)
  to   space 1024K, 0% used [0x00000000d6700000,0x00000000d6700000,0x00000000d6800000)
 ParOldGen       total 93696K, used 93642K [0x0000000080000000, 0x0000000085b80000, 0x00000000d5580000)
  object space 93696K, 99% used [0x0000000080000000,0x0000000085b729f0,0x0000000085b80000)
 Metaspace       used 75521K, committed 77120K, reserved 1179648K
  class space    used 8095K, committed 8768K, reserved 1048576K
}
Event: 35718.065 GC heap after
{Heap after GC invocations=105 (full 3):
 PSYoungGen      total 16384K, used 352K [0x00000000d5580000, 0x00000000d6780000, 0x0000000100000000)
  eden space 15872K, 0% used [0x00000000d5580000,0x00000000d5580000,0x00000000d6500000)
  from space 512K, 68% used [0x00000000d6700000,0x00000000d6758000,0x00000000d6780000)
  to   space 512K, 0% used [0x00000000d6680000,0x00000000d6680000,0x00000000d6700000)
 ParOldGen       total 94208K, used 93969K [0x0000000080000000, 0x0000000085c00000, 0x00000000d5580000)
  object space 94208K, 99% used [0x0000000080000000,0x0000000085bc4600,0x0000000085c00000)
 Metaspace       used 75521K, committed 77120K, reserved 1179648K
  class space    used 8095K, committed 8768K, reserved 1048576K
}
Event: 65777.443 GC heap before
{Heap before GC invocations=106 (full 3):
 PSYoungGen      total 16384K, used 16224K [0x00000000d5580000, 0x00000000d6780000, 0x0000000100000000)
  eden space 15872K, 100% used [0x00000000d5580000,0x00000000d6500000,0x00000000d6500000)
  from space 512K, 68% used [0x00000000d6700000,0x00000000d6758000,0x00000000d6780000)
  to   space 512K, 0% used [0x00000000d6680000,0x00000000d6680000,0x00000000d6700000)
 ParOldGen       total 94208K, used 93969K [0x0000000080000000, 0x0000000085c00000, 0x00000000d5580000)
  object space 94208K, 99% used [0x0000000080000000,0x0000000085bc4600,0x0000000085c00000)
 Metaspace       used 75789K, committed 77376K, reserved 1179648K
  class space    used 8141K, committed 8832K, reserved 1048576K
}
Event: 65777.516 GC heap after
{Heap after GC invocations=106 (full 3):
 PSYoungGen      total 16384K, used 500K [0x00000000d5580000, 0x00000000d6800000, 0x0000000100000000)
  eden space 15872K, 0% used [0x00000000d5580000,0x00000000d5580000,0x00000000d6500000)
  from space 512K, 97% used [0x00000000d6680000,0x00000000d66fd280,0x00000000d6700000)
  to   space 1024K, 0% used [0x00000000d6700000,0x00000000d6700000,0x00000000d6800000)
 ParOldGen       total 95232K, used 94732K [0x0000000080000000, 0x0000000085d00000, 0x00000000d5580000)
  object space 95232K, 99% used [0x0000000080000000,0x0000000085c83320,0x0000000085d00000)
 Metaspace       used 75789K, committed 77376K, reserved 1179648K
  class space    used 8141K, committed 8832K, reserved 1048576K
}
Event: 65778.617 GC heap before
{Heap before GC invocations=107 (full 3):
 PSYoungGen      total 16384K, used 16372K [0x00000000d5580000, 0x00000000d6800000, 0x0000000100000000)
  eden space 15872K, 100% used [0x00000000d5580000,0x00000000d6500000,0x00000000d6500000)
  from space 512K, 97% used [0x00000000d6680000,0x00000000d66fd280,0x00000000d6700000)
  to   space 1024K, 0% used [0x00000000d6700000,0x00000000d6700000,0x00000000d6800000)
 ParOldGen       total 95232K, used 94732K [0x0000000080000000, 0x0000000085d00000, 0x00000000d5580000)
  object space 95232K, 99% used [0x0000000080000000,0x0000000085c83320,0x0000000085d00000)
 Metaspace       used 76028K, committed 77632K, reserved 1179648K
  class space    used 8166K, committed 8832K, reserved 1048576K
}
Event: 65778.624 GC heap after
{Heap after GC invocations=107 (full 3):
 PSYoungGen      total 16896K, used 993K [0x00000000d5580000, 0x00000000d6900000, 0x0000000100000000)
  eden space 15872K, 0% used [0x00000000d5580000,0x00000000d5580000,0x00000000d6500000)
  from space 1024K, 97% used [0x00000000d6700000,0x00000000d67f86f8,0x00000000d6800000)
  to   space 2048K, 0% used [0x00000000d6500000,0x00000000d6500000,0x00000000d6700000)
 ParOldGen       total 95744K, used 95443K [0x0000000080000000, 0x0000000085d80000, 0x00000000d5580000)
  object space 95744K, 99% used [0x0000000080000000,0x0000000085d34d78,0x0000000085d80000)
 Metaspace       used 76028K, committed 77632K, reserved 1179648K
  class space    used 8166K, committed 8832K, reserved 1048576K
}
Event: 65778.829 GC heap before
{Heap before GC invocations=108 (full 3):
 PSYoungGen      total 16896K, used 16865K [0x00000000d5580000, 0x00000000d6900000, 0x0000000100000000)
  eden space 15872K, 100% used [0x00000000d5580000,0x00000000d6500000,0x00000000d6500000)
  from space 1024K, 97% used [0x00000000d6700000,0x00000000d67f86f8,0x00000000d6800000)
  to   space 2048K, 0% used [0x00000000d6500000,0x00000000d6500000,0x00000000d6700000)
 ParOldGen       total 95744K, used 95443K [0x0000000080000000, 0x0000000085d80000, 0x00000000d5580000)
  object space 95744K, 99% used [0x0000000080000000,0x0000000085d34d78,0x0000000085d80000)
 Metaspace       used 76129K, committed 77696K, reserved 1179648K
  class space    used 8166K, committed 8832K, reserved 1048576K
}
Event: 65778.845 GC heap after
{Heap after GC invocations=108 (full 3):
 PSYoungGen      total 17920K, used 2040K [0x00000000d5580000, 0x00000000d7100000, 0x0000000100000000)
  eden space 15872K, 0% used [0x00000000d5580000,0x00000000d5580000,0x00000000d6500000)
  from space 2048K, 99% used [0x00000000d6500000,0x00000000d66fe1b0,0x00000000d6700000)
  to   space 6144K, 0% used [0x00000000d6b00000,0x00000000d6b00000,0x00000000d7100000)
 ParOldGen       total 98816K, used 98637K [0x0000000080000000, 0x0000000086080000, 0x00000000d5580000)
  object space 98816K, 99% used [0x0000000080000000,0x0000000086053628,0x0000000086080000)
 Metaspace       used 76129K, committed 77696K, reserved 1179648K
  class space    used 8166K, committed 8832K, reserved 1048576K
}
Event: 65779.016 GC heap before
{Heap before GC invocations=109 (full 3):
 PSYoungGen      total 17920K, used 17912K [0x00000000d5580000, 0x00000000d7100000, 0x0000000100000000)
  eden space 15872K, 100% used [0x00000000d5580000,0x00000000d6500000,0x00000000d6500000)
  from space 2048K, 99% used [0x00000000d6500000,0x00000000d66fe1b0,0x00000000d6700000)
  to   space 6144K, 0% used [0x00000000d6b00000,0x00000000d6b00000,0x00000000d7100000)
 ParOldGen       total 98816K, used 98637K [0x0000000080000000, 0x0000000086080000, 0x00000000d5580000)
  object space 98816K, 99% used [0x0000000080000000,0x0000000086053628,0x0000000086080000)
 Metaspace       used 76143K, committed 77760K, reserved 1179648K
  class space    used 8167K, committed 8832K, reserved 1048576K
}
Event: 65779.020 GC heap after
{Heap after GC invocations=109 (full 3):
 PSYoungGen      total 18432K, used 2136K [0x00000000d5580000, 0x00000000d6d80000, 0x0000000100000000)
  eden space 15872K, 0% used [0x00000000d5580000,0x00000000d5580000,0x00000000d6500000)
  from space 2560K, 83% used [0x00000000d6b00000,0x00000000d6d161b0,0x00000000d6d80000)
  to   space 3584K, 0% used [0x00000000d6680000,0x00000000d6680000,0x00000000d6a00000)
 ParOldGen       total 99328K, used 99301K [0x0000000080000000, 0x0000000086100000, 0x00000000d5580000)
  object space 99328K, 99% used [0x0000000080000000,0x00000000860f9628,0x0000000086100000)
 Metaspace       used 76143K, committed 77760K, reserved 1179648K
  class space    used 8167K, committed 8832K, reserved 1048576K
}
Event: 65779.122 GC heap before
{Heap before GC invocations=110 (full 3):
 PSYoungGen      total 18432K, used 18008K [0x00000000d5580000, 0x00000000d6d80000, 0x0000000100000000)
  eden space 15872K, 100% used [0x00000000d5580000,0x00000000d6500000,0x00000000d6500000)
  from space 2560K, 83% used [0x00000000d6b00000,0x00000000d6d161b0,0x00000000d6d80000)
  to   space 3584K, 0% used [0x00000000d6680000,0x00000000d6680000,0x00000000d6a00000)
 ParOldGen       total 99328K, used 99301K [0x0000000080000000, 0x0000000086100000, 0x00000000d5580000)
  object space 99328K, 99% used [0x0000000080000000,0x00000000860f9628,0x0000000086100000)
 Metaspace       used 76163K, committed 77760K, reserved 1179648K
  class space    used 8168K, committed 8832K, reserved 1048576K
}
Event: 65779.126 GC heap after
{Heap after GC invocations=110 (full 3):
 PSYoungGen      total 17920K, used 2046K [0x00000000d5580000, 0x00000000d6b80000, 0x0000000100000000)
  eden space 15872K, 0% used [0x00000000d5580000,0x00000000d5580000,0x00000000d6500000)
  from space 2048K, 99% used [0x00000000d6680000,0x00000000d687f8b0,0x00000000d6880000)
  to   space 2560K, 0% used [0x00000000d6900000,0x00000000d6900000,0x00000000d6b80000)
 ParOldGen       total 99840K, used 99377K [0x0000000080000000, 0x0000000086180000, 0x00000000d5580000)
  object space 99840K, 99% used [0x0000000080000000,0x000000008610c750,0x0000000086180000)
 Metaspace       used 76163K, committed 77760K, reserved 1179648K
  class space    used 8168K, committed 8832K, reserved 1048576K
}
Event: 66240.308 GC heap before
{Heap before GC invocations=111 (full 3):
 PSYoungGen      total 17920K, used 17891K [0x00000000d5580000, 0x00000000d6b80000, 0x0000000100000000)
  eden space 15872K, 99% used [0x00000000d5580000,0x00000000d64f9658,0x00000000d6500000)
  from space 2048K, 99% used [0x00000000d6680000,0x00000000d687f8b0,0x00000000d6880000)
  to   space 2560K, 0% used [0x00000000d6900000,0x00000000d6900000,0x00000000d6b80000)
 ParOldGen       total 99840K, used 99377K [0x0000000080000000, 0x0000000086180000, 0x00000000d5580000)
  object space 99840K, 99% used [0x0000000080000000,0x000000008610c750,0x0000000086180000)
 Metaspace       used 76502K, committed 78016K, reserved 1179648K
  class space    used 8187K, committed 8832K, reserved 1048576K
}
Event: 66240.343 GC heap after
{Heap after GC invocations=111 (full 3):
 PSYoungGen      total 16384K, used 288K [0x00000000d5580000, 0x00000000d6980000, 0x0000000100000000)
  eden space 15872K, 0% used [0x00000000d5580000,0x00000000d5580000,0x00000000d6500000)
  from space 512K, 56% used [0x00000000d6900000,0x00000000d6948020,0x00000000d6980000)
  to   space 1024K, 0% used [0x00000000d6780000,0x00000000d6780000,0x00000000d6880000)
 ParOldGen       total 99840K, used 99491K [0x0000000080000000, 0x0000000086180000, 0x00000000d5580000)
  object space 99840K, 99% used [0x0000000080000000,0x0000000086128fe0,0x0000000086180000)
 Metaspace       used 76502K, committed 78016K, reserved 1179648K
  class space    used 8187K, committed 8832K, reserved 1048576K
}
Event: 66243.245 GC heap before
{Heap before GC invocations=112 (full 3):
 PSYoungGen      total 16384K, used 16160K [0x00000000d5580000, 0x00000000d6980000, 0x0000000100000000)
  eden space 15872K, 100% used [0x00000000d5580000,0x00000000d6500000,0x00000000d6500000)
  from space 512K, 56% used [0x00000000d6900000,0x00000000d6948020,0x00000000d6980000)
  to   space 1024K, 0% used [0x00000000d6780000,0x00000000d6780000,0x00000000d6880000)
 ParOldGen       total 99840K, used 99491K [0x0000000080000000, 0x0000000086180000, 0x00000000d5580000)
  object space 99840K, 99% used [0x0000000080000000,0x0000000086128fe0,0x0000000086180000)
 Metaspace       used 78447K, committed 80064K, reserved 1179648K
  class space    used 8430K, committed 9152K, reserved 1048576K
}
Event: 66243.251 GC heap after
{Heap after GC invocations=112 (full 3):
 PSYoungGen      total 16896K, used 639K [0x00000000d5580000, 0x00000000d6980000, 0x0000000100000000)
  eden space 15872K, 0% used [0x00000000d5580000,0x00000000d5580000,0x00000000d6500000)
  from space 1024K, 62% used [0x00000000d6780000,0x00000000d681fc48,0x00000000d6880000)
  to   space 1024K, 0% used [0x00000000d6880000,0x00000000d6880000,0x00000000d6980000)
 ParOldGen       total 99840K, used 99652K [0x0000000080000000, 0x0000000086180000, 0x00000000d5580000)
  object space 99840K, 99% used [0x0000000080000000,0x0000000086151000,0x0000000086180000)
 Metaspace       used 78447K, committed 80064K, reserved 1179648K
  class space    used 8430K, committed 9152K, reserved 1048576K
}
Event: 67586.436 GC heap before
{Heap before GC invocations=113 (full 3):
 PSYoungGen      total 16896K, used 16510K [0x00000000d5580000, 0x00000000d6980000, 0x0000000100000000)
  eden space 15872K, 99% used [0x00000000d5580000,0x00000000d64fffb0,0x00000000d6500000)
  from space 1024K, 62% used [0x00000000d6780000,0x00000000d681fc48,0x00000000d6880000)
  to   space 1024K, 0% used [0x00000000d6880000,0x00000000d6880000,0x00000000d6980000)
 ParOldGen       total 99840K, used 99652K [0x0000000080000000, 0x0000000086180000, 0x00000000d5580000)
  object space 99840K, 99% used [0x0000000080000000,0x0000000086151000,0x0000000086180000)
 Metaspace       used 79326K, committed 80960K, reserved 1179648K
  class space    used 8542K, committed 9216K, reserved 1048576K
}
Event: 67586.552 GC heap after
{Heap after GC invocations=113 (full 3):
 PSYoungGen      total 16896K, used 612K [0x00000000d5580000, 0x00000000d6980000, 0x0000000100000000)
  eden space 15872K, 0% used [0x00000000d5580000,0x00000000d5580000,0x00000000d6500000)
  from space 1024K, 59% used [0x00000000d6880000,0x00000000d6919230,0x00000000d6980000)
  to   space 1024K, 0% used [0x00000000d6780000,0x00000000d6780000,0x00000000d6880000)
 ParOldGen       total 100352K, used 100186K [0x0000000080000000, 0x0000000086200000, 0x00000000d5580000)
  object space 100352K, 99% used [0x0000000080000000,0x00000000861d6aa8,0x0000000086200000)
 Metaspace       used 79326K, committed 80960K, reserved 1179648K
  class space    used 8542K, committed 9216K, reserved 1048576K
}

Dll operation events (12 events):
Event: 0.030 Loaded shared library c:\Users\ibra\.vscode\extensions\redhat.java-1.53.0-win32-x64\jre\21.0.10-win32-x86_64\bin\java.dll
Event: 0.638 Loaded shared library c:\Users\ibra\.vscode\extensions\redhat.java-1.53.0-win32-x64\jre\21.0.10-win32-x86_64\bin\zip.dll
Event: 0.776 Loaded shared library C:\Users\ibra\.vscode\extensions\redhat.java-1.53.0-win32-x64\jre\21.0.10-win32-x86_64\bin\instrument.dll
Event: 0.788 Loaded shared library C:\Users\ibra\.vscode\extensions\redhat.java-1.53.0-win32-x64\jre\21.0.10-win32-x86_64\bin\net.dll
Event: 0.795 Loaded shared library C:\Users\ibra\.vscode\extensions\redhat.java-1.53.0-win32-x64\jre\21.0.10-win32-x86_64\bin\nio.dll
Event: 0.801 Loaded shared library C:\Users\ibra\.vscode\extensions\redhat.java-1.53.0-win32-x64\jre\21.0.10-win32-x86_64\bin\zip.dll
Event: 1.078 Loaded shared library C:\Users\ibra\.vscode\extensions\redhat.java-1.53.0-win32-x64\jre\21.0.10-win32-x86_64\bin\jimage.dll
Event: 1.463 Loaded shared library c:\Users\ibra\.vscode\extensions\redhat.java-1.53.0-win32-x64\jre\21.0.10-win32-x86_64\bin\verify.dll
Event: 49.702 Loaded shared library C:\Users\ibra\AppData\Roaming\Code\User\globalStorage\redhat.java\1.53.0\config_win\org.eclipse.equinox.launcher\org.eclipse.equinox.launcher.win32.win32.x86_64_1.3.0.v20260203-2149\eclipse_11919.dll
Event: 98.933 Loaded shared library C:\Users\ibra\AppData\Local\Temp\jna-3225864\jna7266860431844733959.dll
Event: 115.439 Loaded shared library C:\Users\ibra\.vscode\extensions\redhat.java-1.53.0-win32-x64\jre\21.0.10-win32-x86_64\bin\sunmscapi.dll
Event: 116.208 Loaded shared library C:\Users\ibra\.vscode\extensions\redhat.java-1.53.0-win32-x64\jre\21.0.10-win32-x86_64\bin\extnet.dll

Deoptimization events (20 events):
Event: 66243.327 Thread 0x000002189dbc3130 DEOPT PACKING pc=0x0000021848cdeb2c sp=0x000000d6231feaf0
Event: 66243.327 Thread 0x000002189dbc3130 DEOPT UNPACKING pc=0x00000218482d3aa2 sp=0x000000d6231feab0 mode 2
Event: 66243.327 Thread 0x000002189dbc3130 Uncommon trap: trap_request=0xffffff45 fr.pc=0x0000021848b502e8 relative=0x00000000000000c8
Event: 66243.327 Thread 0x000002189dbc3130 Uncommon trap: reason=unstable_if action=reinterpret pc=0x0000021848b502e8 method=java.lang.String.codePointAt(I)I @ 4 c2
Event: 66243.327 Thread 0x000002189dbc3130 DEOPT PACKING pc=0x0000021848b502e8 sp=0x000000d6231feab0
Event: 66243.327 Thread 0x000002189dbc3130 DEOPT UNPACKING pc=0x00000218482d3aa2 sp=0x000000d6231fea48 mode 2
Event: 66243.393 Thread 0x000002189dbc3130 Uncommon trap: trap_request=0xffffffde fr.pc=0x0000021848c79f88 relative=0x00000000000007a8
Event: 66243.393 Thread 0x000002189dbc3130 Uncommon trap: reason=class_check action=maybe_recompile pc=0x0000021848c79f88 method=java.lang.AbstractStringBuilder.append(Ljava/lang/CharSequence;II)Ljava/lang/AbstractStringBuilder; @ 10 c2
Event: 66243.393 Thread 0x000002189dbc3130 DEOPT PACKING pc=0x0000021848c79f88 sp=0x000000d6231fe7f0
Event: 66243.393 Thread 0x000002189dbc3130 DEOPT UNPACKING pc=0x00000218482d3aa2 sp=0x000000d6231fe7b8 mode 2
Event: 66243.478 Thread 0x000002189dbc3130 DEOPT PACKING pc=0x000002184295b5f8 sp=0x000000d6231fca60
Event: 66243.478 Thread 0x000002189dbc3130 DEOPT UNPACKING pc=0x00000218482d4242 sp=0x000000d6231fbee8 mode 0
Event: 66243.490 Thread 0x000002189dbc3130 Uncommon trap: trap_request=0xffffffde fr.pc=0x00000218491714b8 relative=0x0000000000000b58
Event: 66243.490 Thread 0x000002189dbc3130 Uncommon trap: reason=class_check action=maybe_recompile pc=0x00000218491714b8 method=org.eclipse.jdt.internal.compiler.parser.Parser.consumeToken(Lorg/eclipse/jdt/internal/compiler/parser/TerminalToken;)V @ 1597 c2
Event: 66243.490 Thread 0x000002189dbc3130 DEOPT PACKING pc=0x00000218491714b8 sp=0x000000d6231fe8e0
Event: 66243.491 Thread 0x000002189dbc3130 DEOPT UNPACKING pc=0x00000218482d3aa2 sp=0x000000d6231fe8a0 mode 2
Event: 67585.932 Thread 0x000002189dbc72d0 DEOPT PACKING pc=0x000002184295b5f8 sp=0x000000d6232fc860
Event: 67585.934 Thread 0x000002189dbc72d0 DEOPT UNPACKING pc=0x00000218482d4242 sp=0x000000d6232fbce8 mode 0
Event: 67586.404 Thread 0x000002189dbc72d0 DEOPT PACKING pc=0x000002184295b5f8 sp=0x000000d6232fc630
Event: 67586.404 Thread 0x000002189dbc72d0 DEOPT UNPACKING pc=0x00000218482d4242 sp=0x000000d6232fbab8 mode 0

Classes loaded (20 events):
Event: 293.148 Loading class java/util/Timer$ThreadReaper
Event: 293.148 Loading class java/util/Timer$ThreadReaper done
Event: 293.158 Loading class java/util/concurrent/CompletableFuture$UniWhenComplete
Event: 293.158 Loading class java/util/concurrent/CompletableFuture$UniWhenComplete done
Event: 293.159 Loading class java/util/concurrent/CompletableFuture$UniCompose
Event: 293.159 Loading class java/util/concurrent/CompletableFuture$UniCompose done
Event: 293.159 Loading class java/util/concurrent/CompletableFuture$UniRelay
Event: 293.160 Loading class java/util/concurrent/CompletableFuture$UniRelay done
Event: 293.829 Loading class java/util/concurrent/ScheduledThreadPoolExecutor$DelayedWorkQueue$Itr
Event: 293.829 Loading class java/util/concurrent/ScheduledThreadPoolExecutor$DelayedWorkQueue$Itr done
Event: 300.993 Loading class java/lang/ProcessHandleImpl$ExitCompletion
Event: 300.993 Loading class java/lang/ProcessHandleImpl$ExitCompletion done
Event: 300.994 Loading class java/lang/ProcessHandleImpl$1
Event: 300.994 Loading class java/lang/ProcessHandleImpl$1 done
Event: 300.995 Loading class java/util/concurrent/CompletableFuture$UniHandle
Event: 300.995 Loading class java/util/concurrent/CompletableFuture$UniHandle done
Event: 66242.236 Loading class java/util/function/IntPredicate
Event: 66242.238 Loading class java/util/function/IntPredicate done
Event: 66242.335 Loading class java/util/regex/Pattern$Bound
Event: 66242.336 Loading class java/util/regex/Pattern$Bound done

Classes unloaded (7 events):
Event: 101.064 Thread 0x000002183dc04740 Unloading class 0x00000218561a8c00 'java/lang/invoke/LambdaForm$MH+0x00000218561a8c00'
Event: 101.064 Thread 0x000002183dc04740 Unloading class 0x00000218561a8800 'java/lang/invoke/LambdaForm$MH+0x00000218561a8800'
Event: 101.064 Thread 0x000002183dc04740 Unloading class 0x00000218561a8400 'java/lang/invoke/LambdaForm$MH+0x00000218561a8400'
Event: 101.064 Thread 0x000002183dc04740 Unloading class 0x00000218561a8000 'java/lang/invoke/LambdaForm$MH+0x00000218561a8000'
Event: 101.064 Thread 0x000002183dc04740 Unloading class 0x00000218561a7c00 'java/lang/invoke/LambdaForm$BMH+0x00000218561a7c00'
Event: 101.064 Thread 0x000002183dc04740 Unloading class 0x00000218561a7800 'java/lang/invoke/LambdaForm$DMH+0x00000218561a7800'
Event: 101.064 Thread 0x000002183dc04740 Unloading class 0x00000218561a6400 'java/lang/invoke/LambdaForm$DMH+0x00000218561a6400'

Classes redefined (0 events):
No events

Internal exceptions (20 events):
Event: 291.226 Thread 0x000002189bcbb350 Exception <a 'sun/nio/fs/WindowsException'{0x00000000d58cd070}> (0x00000000d58cd070) 
thrown [s\src\hotspot\share\prims\jni.cpp, line 520]
Event: 292.478 Thread 0x000002189bcbb350 Exception <a 'sun/nio/fs/WindowsException'{0x00000000d64218a0}> (0x00000000d64218a0) 
thrown [s\src\hotspot\share\prims\jni.cpp, line 520]
Event: 292.478 Thread 0x000002189bcbb350 Exception <a 'sun/nio/fs/WindowsException'{0x00000000d64220a8}> (0x00000000d64220a8) 
thrown [s\src\hotspot\share\prims\jni.cpp, line 520]
Event: 292.478 Thread 0x000002189bcbb350 Exception <a 'sun/nio/fs/WindowsException'{0x00000000d6423228}> (0x00000000d6423228) 
thrown [s\src\hotspot\share\prims\jni.cpp, line 520]
Event: 292.478 Thread 0x000002189bcbb350 Exception <a 'sun/nio/fs/WindowsException'{0x00000000d6423ba0}> (0x00000000d6423ba0) 
thrown [s\src\hotspot\share\prims\jni.cpp, line 520]
Event: 292.671 Thread 0x000002189dbc4b70 Exception <a 'java/io/FileNotFoundException'{0x00000000d57bedd8}> (0x00000000d57bedd8) 
thrown [s\src\hotspot\share\prims\jni.cpp, line 520]
Event: 292.990 Thread 0x000002189dbc4b70 Exception <a 'java/lang/NoSuchMethodError'{0x00000000d5705078}: 'java.lang.Object java.lang.invoke.DirectMethodHandle$Holder.invokeVirtual(java.lang.Object, java.lang.Object, java.lang.Object, java.lang.Object)'> (0x00000000d5705078) 
thrown [s\src\hotspot\share\interpreter\linkResolver.cpp, line 773]
Event: 293.074 Thread 0x000002189dbc6c40 Exception <a 'java/lang/NoSuchMethodError'{0x00000000d5b110b0}: 'java.lang.Object java.lang.invoke.DirectMethodHandle$Holder.invokeStatic(java.lang.Object, long, java.lang.Object, java.lang.Object)'> (0x00000000d5b110b0) 
thrown [s\src\hotspot\share\interpreter\linkResolver.cpp, line 773]
Event: 293.106 Thread 0x000002189dbc6c40 Exception <a 'sun/nio/fs/WindowsException'{0x00000000d5bc0940}> (0x00000000d5bc0940) 
thrown [s\src\hotspot\share\prims\jni.cpp, line 520]
Event: 293.107 Thread 0x000002189dbc6c40 Exception <a 'sun/nio/fs/WindowsException'{0x00000000d5bc1940}> (0x00000000d5bc1940) 
thrown [s\src\hotspot\share\prims\jni.cpp, line 520]
Event: 295.660 Thread 0x000002189dbc5890 Exception <a 'java/lang/NoSuchMethodError'{0x00000000d5cbee70}: 'long java.lang.invoke.DelegatingMethodHandle$Holder.reinvoke_L(java.lang.Object, java.lang.Object)'> (0x00000000d5cbee70) 
thrown [s\src\hotspot\share\interpreter\linkResolver.cpp, line 773]
Event: 295.662 Thread 0x000002189dbc5890 Exception <a 'java/lang/NoSuchMethodError'{0x00000000d5cc8de0}: 'void java.lang.invoke.DelegatingMethodHandle$Holder.reinvoke_L(java.lang.Object, java.lang.Object, long)'> (0x00000000d5cc8de0) 
thrown [s\src\hotspot\share\interpreter\linkResolver.cpp, line 773]
Event: 300.996 Thread 0x000002189dbc5890 Exception <a 'java/lang/NoSuchMethodError'{0x00000000d5e64e10}: 'long java.lang.invoke.Invokers$Holder.invokeExact_MT(java.lang.Object, java.lang.Object, java.lang.Object)'> (0x00000000d5e64e10) 
thrown [s\src\hotspot\share\interpreter\linkResolver.cpp, line 773]
Event: 65775.457 Thread 0x000002189bcb8bf0 Exception <a 'java/lang/IncompatibleClassChangeError'{0x00000000d5d3c300}: Found class java.lang.Object, but interface was expected> (0x00000000d5d3c300) 
thrown [s\src\hotspot\share\interpreter\linkResolver.cpp, line 840]
Event: 65775.801 Thread 0x000002189bcb8bf0 Exception <a 'java/lang/IncompatibleClassChangeError'{0x00000000d5d50fc0}: Found class java.lang.Object, but interface was expected> (0x00000000d5d50fc0) 
thrown [s\src\hotspot\share\interpreter\linkResolver.cpp, line 840]
Event: 65778.761 Thread 0x000002189dbc1060 Implicit null exception at 0x000002184913decb to 0x000002184913e5b4
Event: 65783.056 Thread 0x000002189dbc5890 Exception <a 'java/lang/ArrayIndexOutOfBoundsException'{0x00000000d5e22830}> (0x00000000d5e22830) 
thrown [s\src\hotspot\share\runtime\sharedRuntime.cpp, line 625]
Event: 66242.243 Thread 0x000002189dbc3130 Exception <a 'java/lang/NoSuchMethodError'{0x00000000d5cb7c10}: 'int java.lang.invoke.DirectMethodHandle$Holder.invokeStaticInit(java.lang.Object, int)'> (0x00000000d5cb7c10) 
thrown [s\src\hotspot\share\interpreter\linkResolver.cpp, line 773]
Event: 66243.390 Thread 0x000002189dbc3130 Exception <a 'java/lang/NoSuchMethodError'{0x00000000d58714b8}: 'int java.lang.invoke.DirectMethodHandle$Holder.invokeSpecialIFC(java.lang.Object, java.lang.Object, int)'> (0x00000000d58714b8) 
thrown [s\src\hotspot\share\interpreter\linkResolver.cpp, line 773]
Event: 67585.798 Thread 0x000002189dbc5890 Exception <a 'java/lang/ArrayIndexOutOfBoundsException'{0x00000000d5fbca50}> (0x00000000d5fbca50) 
thrown [s\src\hotspot\share\runtime\sharedRuntime.cpp, line 625]

ZGC Phase Switch (0 events):
No events

VM Operations (20 events):
Event: 69451.130 Executing non-safepoint VM operation: HandshakeAllThreads (HandshakeForDeflation)
Event: 69451.131 Executing non-safepoint VM operation: HandshakeAllThreads (HandshakeForDeflation) done
Event: 69451.131 Executing non-safepoint VM operation: RendezvousGCThreads
Event: 69451.131 Executing non-safepoint VM operation: RendezvousGCThreads done
Event: 69511.329 Executing non-safepoint VM operation: HandshakeAllThreads (HandshakeForDeflation)
Event: 69511.333 Executing non-safepoint VM operation: HandshakeAllThreads (HandshakeForDeflation) done
Event: 69511.333 Executing non-safepoint VM operation: RendezvousGCThreads
Event: 69511.333 Executing non-safepoint VM operation: RendezvousGCThreads done
Event: 69631.645 Executing non-safepoint VM operation: HandshakeAllThreads (HandshakeForDeflation)
Event: 69631.645 Executing non-safepoint VM operation: HandshakeAllThreads (HandshakeForDeflation) done
Event: 69631.645 Executing non-safepoint VM operation: RendezvousGCThreads
Event: 69631.645 Executing non-safepoint VM operation: RendezvousGCThreads done
Event: 69691.855 Executing non-safepoint VM operation: HandshakeAllThreads (HandshakeForDeflation)
Event: 69691.855 Executing non-safepoint VM operation: HandshakeAllThreads (HandshakeForDeflation) done
Event: 69691.855 Executing non-safepoint VM operation: RendezvousGCThreads
Event: 69691.856 Executing non-safepoint VM operation: RendezvousGCThreads done
Event: 69752.100 Executing non-safepoint VM operation: HandshakeAllThreads (HandshakeForDeflation)
Event: 69752.100 Executing non-safepoint VM operation: HandshakeAllThreads (HandshakeForDeflation) done
Event: 69752.100 Executing non-safepoint VM operation: RendezvousGCThreads
Event: 69752.100 Executing non-safepoint VM operation: RendezvousGCThreads done

Memory protections (0 events):
No events

Nmethod flushes (20 events):
Event: 137.146 Thread 0x000002183dc04740 flushing osr nmethod 0x000002184169ce90
Event: 137.146 Thread 0x000002183dc04740 flushing  nmethod 0x00000218416eea90
Event: 137.146 Thread 0x000002183dc04740 flushing  nmethod 0x00000218416f8e10
Event: 137.146 Thread 0x000002183dc04740 flushing  nmethod 0x00000218416f9e90
Event: 137.146 Thread 0x000002183dc04740 flushing osr nmethod 0x00000218416fa790
Event: 137.146 Thread 0x000002183dc04740 flushing  nmethod 0x0000021841702b90
Event: 137.146 Thread 0x000002183dc04740 flushing  nmethod 0x0000021841703c90
Event: 137.146 Thread 0x000002183dc04740 flushing  nmethod 0x0000021841720310
Event: 137.146 Thread 0x000002183dc04740 flushing  nmethod 0x0000021841726610
Event: 137.146 Thread 0x000002183dc04740 flushing  nmethod 0x000002184172c890
Event: 137.146 Thread 0x000002183dc04740 flushing  nmethod 0x000002184174ec90
Event: 137.146 Thread 0x000002183dc04740 flushing  nmethod 0x0000021841752190
Event: 137.146 Thread 0x000002183dc04740 flushing  nmethod 0x0000021841767590
Event: 137.146 Thread 0x000002183dc04740 flushing  nmethod 0x000002184176ad90
Event: 137.146 Thread 0x000002183dc04740 flushing  nmethod 0x00000218417a5a10
Event: 137.146 Thread 0x000002183dc04740 flushing  nmethod 0x00000218417a6010
Event: 137.146 Thread 0x000002183dc04740 flushing  nmethod 0x00000218417a6890
Event: 137.146 Thread 0x000002183dc04740 flushing  nmethod 0x00000218417a6f90
Event: 137.146 Thread 0x000002183dc04740 flushing  nmethod 0x00000218417a9410
Event: 137.146 Thread 0x000002183dc04740 flushing  nmethod 0x00000218417b0490

Events (20 events):
Event: 65773.280 Thread 0x000002189bcb8bf0 Thread added: 0x000002189dbc7ff0
Event: 65773.848 Thread 0x000002189dbc7ff0 Thread added: 0x000002189dbc1060
Event: 65775.007 Thread 0x000002189bcb8bf0 Thread added: 0x000002189dbc5890
Event: 65843.061 Thread 0x000002189dbc5890 Thread exited: 0x000002189dbc5890
Event: 65903.061 Thread 0x000002189dbc7ff0 Thread exited: 0x000002189dbc7ff0
Event: 65980.918 Thread 0x000002189dbc1060 Thread exited: 0x000002189dbc1060
Event: 66223.418 Thread 0x000002189bcb8bf0 Thread added: 0x000002189dbc3130
Event: 66240.460 Thread 0x00000218545ae690 Thread added: 0x000002189cfc3bb0
Event: 66242.138 Thread 0x000002189cfc3bb0 Thread exited: 0x000002189cfc3bb0
Event: 66243.339 Thread 0x00000218545ae690 Thread added: 0x000002189cfc3bb0
Event: 66249.053 Thread 0x000002189cfc3bb0 Thread exited: 0x000002189cfc3bb0
Event: 66303.498 Thread 0x000002189dbc3130 Thread exited: 0x000002189dbc3130
Event: 66857.984 Thread 0x000002189bcb8bf0 Thread added: 0x000002189dbc5890
Event: 66946.503 Thread 0x000002189dbc5890 Thread exited: 0x000002189dbc5890
Event: 67582.395 Thread 0x000002189bcb8bf0 Thread added: 0x000002189dbc5890
Event: 67582.833 Thread 0x000002189bcb8bf0 Thread added: 0x000002189dbc7ff0
Event: 67582.900 Thread 0x000002189bcb8bf0 Thread added: 0x000002189dbc1060
Event: 67645.805 Thread 0x000002189dbc5890 Thread exited: 0x000002189dbc5890
Event: 67705.815 Thread 0x000002189dbc1060 Thread exited: 0x000002189dbc1060
Event: 67765.815 Thread 0x000002189dbc7ff0 Thread exited: 0x000002189dbc7ff0


Dynamic libraries:
0x00007ff65d010000 - 0x00007ff65d01e000 	c:\Users\ibra\.vscode\extensions\redhat.java-1.53.0-win32-x64\jre\21.0.10-win32-x86_64\bin\java.exe
0x00007ffc3ae00000 - 0x00007ffc3b00a000 	C:\Windows\SYSTEM32\ntdll.dll
0x00007ffc395f0000 - 0x00007ffc396ad000 	C:\Windows\System32\KERNEL32.DLL
0x00007ffc388c0000 - 0x00007ffc38c45000 	C:\Windows\System32\KERNELBASE.dll
0x00007ffc38350000 - 0x00007ffc38461000 	C:\Windows\System32\ucrtbase.dll
0x00007ffc2bb80000 - 0x00007ffc2bb98000 	c:\Users\ibra\.vscode\extensions\redhat.java-1.53.0-win32-x64\jre\21.0.10-win32-x86_64\bin\jli.dll
0x00007ffc38c70000 - 0x00007ffc38e1c000 	C:\Windows\System32\USER32.dll
0x00007ffc38320000 - 0x00007ffc38346000 	C:\Windows\System32\win32u.dll
0x00007ffc3aa10000 - 0x00007ffc3aa39000 	C:\Windows\System32\GDI32.dll
0x00007ffc38590000 - 0x00007ffc386ac000 	C:\Windows\System32\gdi32full.dll
0x00007ffc38470000 - 0x00007ffc3850d000 	C:\Windows\System32\msvcp_win.dll
0x00007ffc2bb60000 - 0x00007ffc2bb7e000 	c:\Users\ibra\.vscode\extensions\redhat.java-1.53.0-win32-x64\jre\21.0.10-win32-x86_64\bin\VCRUNTIME140.dll
0x00007ffc1d800000 - 0x00007ffc1daa5000 	C:\Windows\WinSxS\amd64_microsoft.windows.common-controls_6595b64144ccf1df_6.0.22000.2600_none_1b65155c6ae217ae\COMCTL32.dll
0x00007ffc3a560000 - 0x00007ffc3a603000 	C:\Windows\System32\msvcrt.dll
0x00007ffc3a0d0000 - 0x00007ffc3a101000 	C:\Windows\System32\IMM32.DLL
0x00007ffc30760000 - 0x00007ffc3076c000 	c:\Users\ibra\.vscode\extensions\redhat.java-1.53.0-win32-x64\jre\21.0.10-win32-x86_64\bin\vcruntime140_1.dll
0x00007ffbfd260000 - 0x00007ffbfd2ed000 	c:\Users\ibra\.vscode\extensions\redhat.java-1.53.0-win32-x64\jre\21.0.10-win32-x86_64\bin\msvcp140.dll
0x00007ffb98550000 - 0x00007ffb992f1000 	c:\Users\ibra\.vscode\extensions\redhat.java-1.53.0-win32-x64\jre\21.0.10-win32-x86_64\bin\server\jvm.dll
0x00007ffc3a010000 - 0x00007ffc3a0c1000 	C:\Windows\System32\ADVAPI32.dll
0x00007ffc3a4b0000 - 0x00007ffc3a551000 	C:\Windows\System32\sechost.dll
0x00007ffc38890000 - 0x00007ffc388b7000 	C:\Windows\System32\bcrypt.dll
0x00007ffc3a260000 - 0x00007ffc3a381000 	C:\Windows\System32\RPCRT4.dll
0x00007ffc3a620000 - 0x00007ffc3a68f000 	C:\Windows\System32\WS2_32.dll
0x00007ffc38120000 - 0x00007ffc3816d000 	C:\Windows\SYSTEM32\POWRPROF.dll
0x00007ffc2ebf0000 - 0x00007ffc2ec23000 	C:\Windows\SYSTEM32\WINMM.dll
0x00007ffc26ed0000 - 0x00007ffc26eda000 	C:\Windows\SYSTEM32\VERSION.dll
0x00007ffc38050000 - 0x00007ffc38063000 	C:\Windows\SYSTEM32\UMPDC.dll
0x00007ffc372d0000 - 0x00007ffc372e8000 	C:\Windows\SYSTEM32\kernel.appcore.dll
0x00007ffc300b0000 - 0x00007ffc300ba000 	c:\Users\ibra\.vscode\extensions\redhat.java-1.53.0-win32-x64\jre\21.0.10-win32-x86_64\bin\jimage.dll
0x00007ffc32cc0000 - 0x00007ffc32ee1000 	C:\Windows\SYSTEM32\DBGHELP.DLL
0x00007ffc2b780000 - 0x00007ffc2b7b1000 	C:\Windows\SYSTEM32\dbgcore.DLL
0x00007ffc38510000 - 0x00007ffc3858f000 	C:\Windows\System32\bcryptPrimitives.dll
0x00007ffc25870000 - 0x00007ffc2587f000 	c:\Users\ibra\.vscode\extensions\redhat.java-1.53.0-win32-x64\jre\21.0.10-win32-x86_64\bin\instrument.dll
0x00007ffc246d0000 - 0x00007ffc246f0000 	c:\Users\ibra\.vscode\extensions\redhat.java-1.53.0-win32-x64\jre\21.0.10-win32-x86_64\bin\java.dll
0x00007ffc38e20000 - 0x00007ffc395e6000 	C:\Windows\System32\SHELL32.dll
0x00007ffc36340000 - 0x00007ffc36ba4000 	C:\Windows\SYSTEM32\windows.storage.dll
0x00007ffc3a690000 - 0x00007ffc3aa06000 	C:\Windows\System32\combase.dll
0x00007ffc361d0000 - 0x00007ffc36337000 	C:\Windows\SYSTEM32\wintypes.dll
0x00007ffc3acd0000 - 0x00007ffc3adba000 	C:\Windows\System32\SHCORE.dll
0x00007ffc3aa40000 - 0x00007ffc3aa9d000 	C:\Windows\System32\shlwapi.dll
0x00007ffc38190000 - 0x00007ffc381b1000 	C:\Windows\SYSTEM32\profapi.dll
0x00007ffc11ac0000 - 0x00007ffc11ad8000 	c:\Users\ibra\.vscode\extensions\redhat.java-1.53.0-win32-x64\jre\21.0.10-win32-x86_64\bin\zip.dll
0x00007ffc25860000 - 0x00007ffc25870000 	C:\Users\ibra\.vscode\extensions\redhat.java-1.53.0-win32-x64\jre\21.0.10-win32-x86_64\bin\net.dll
0x00007ffc2f2d0000 - 0x00007ffc2f3e4000 	C:\Windows\SYSTEM32\WINHTTP.dll
0x00007ffc37750000 - 0x00007ffc377b7000 	C:\Windows\system32\mswsock.dll
0x00007ffc118d0000 - 0x00007ffc118e6000 	C:\Users\ibra\.vscode\extensions\redhat.java-1.53.0-win32-x64\jre\21.0.10-win32-x86_64\bin\nio.dll
0x00007ffc246c0000 - 0x00007ffc246d0000 	c:\Users\ibra\.vscode\extensions\redhat.java-1.53.0-win32-x64\jre\21.0.10-win32-x86_64\bin\verify.dll
0x00007ffbf0840000 - 0x00007ffbf0885000 	C:\Users\ibra\AppData\Roaming\Code\User\globalStorage\redhat.java\1.53.0\config_win\org.eclipse.equinox.launcher\org.eclipse.equinox.launcher.win32.win32.x86_64_1.3.0.v20260203-2149\eclipse_11919.dll
0x00007ffc3ab30000 - 0x00007ffc3acca000 	C:\Windows\System32\ole32.dll
0x00007ffc37a20000 - 0x00007ffc37a38000 	C:\Windows\SYSTEM32\CRYPTSP.dll
0x00007ffc37230000 - 0x00007ffc37265000 	C:\Windows\system32\rsaenh.dll
0x00007ffc377f0000 - 0x00007ffc37819000 	C:\Windows\SYSTEM32\USERENV.dll
0x00007ffc37940000 - 0x00007ffc3794c000 	C:\Windows\SYSTEM32\CRYPTBASE.dll
0x00007ffc36e00000 - 0x00007ffc36e2d000 	C:\Windows\SYSTEM32\IPHLPAPI.DLL
0x00007ffc39ba0000 - 0x00007ffc39ba9000 	C:\Windows\System32\NSI.dll
0x00007ffbf14d0000 - 0x00007ffbf1519000 	C:\Users\ibra\AppData\Local\Temp\jna-3225864\jna7266860431844733959.dll
0x00007ffc3a610000 - 0x00007ffc3a618000 	C:\Windows\System32\PSAPI.DLL
0x00007ffc2f520000 - 0x00007ffc2f539000 	C:\Windows\SYSTEM32\dhcpcsvc6.DLL
0x00007ffc2fd70000 - 0x00007ffc2fd8e000 	C:\Windows\SYSTEM32\dhcpcsvc.DLL
0x00007ffc2bb50000 - 0x00007ffc2bb5e000 	C:\Users\ibra\.vscode\extensions\redhat.java-1.53.0-win32-x64\jre\21.0.10-win32-x86_64\bin\sunmscapi.dll
0x00007ffc386b0000 - 0x00007ffc38812000 	C:\Windows\System32\CRYPT32.dll
0x00007ffc37b30000 - 0x00007ffc37b58000 	C:\Windows\SYSTEM32\ncrypt.dll
0x00007ffc37af0000 - 0x00007ffc37b27000 	C:\Windows\SYSTEM32\NTASN1.dll
0x00007ffc36e30000 - 0x00007ffc36f17000 	C:\Windows\SYSTEM32\DNSAPI.dll
0x00000000604f0000 - 0x0000000060516000 	C:\Program Files\Bonjour\mdnsNSP.dll
0x00007ffc252b0000 - 0x00007ffc252ba000 	C:\Windows\System32\rasadhlp.dll
0x00007ffc2c8b0000 - 0x00007ffc2c931000 	C:\Windows\System32\fwpuclnt.dll
0x00007ffc2bb40000 - 0x00007ffc2bb49000 	C:\Users\ibra\.vscode\extensions\redhat.java-1.53.0-win32-x64\jre\21.0.10-win32-x86_64\bin\extnet.dll

JVMTI agents:
c:\Users\ibra\.vscode\extensions\redhat.java-1.53.0-win32-x64\lombok\lombok-1.18.39-4050.jar path:c:\Users\ibra\.vscode\extensions\redhat.java-1.53.0-win32-x64\jre\21.0.10-win32-x86_64\bin\instrument.dll, loaded, initialized, instrumentlib options:none

dbghelp: loaded successfully - version: 4.0.5 - missing functions: none
symbol engine: initialized successfully - sym options: 0x614 - pdb path: .;c:\Users\ibra\.vscode\extensions\redhat.java-1.53.0-win32-x64\jre\21.0.10-win32-x86_64\bin;C:\Windows\SYSTEM32;C:\Windows\WinSxS\amd64_microsoft.windows.common-controls_6595b64144ccf1df_6.0.22000.2600_none_1b65155c6ae217ae;c:\Users\ibra\.vscode\extensions\redhat.java-1.53.0-win32-x64\jre\21.0.10-win32-x86_64\bin\server;C:\Users\ibra\AppData\Roaming\Code\User\globalStorage\redhat.java\1.53.0\config_win\org.eclipse.equinox.launcher\org.eclipse.equinox.launcher.win32.win32.x86_64_1.3.0.v20260203-2149;C:\Users\ibra\AppData\Local\Temp\jna-3225864;C:\Program Files\Bonjour

VM Arguments:
jvm_args: --add-modules=ALL-SYSTEM --add-opens=java.base/java.util=ALL-UNNAMED --add-opens=java.base/java.lang=ALL-UNNAMED --add-opens=java.base/sun.nio.fs=ALL-UNNAMED -Declipse.application=org.eclipse.jdt.ls.core.id1 -Dosgi.bundles.defaultStartLevel=4 -Declipse.product=org.eclipse.jdt.ls.core.product -Djava.import.generatesMetadataFilesAtProjectRoot=false -DDetectVMInstallationsJob.disabled=true -Dfile.encoding=utf8 -XX:+UseParallelGC -XX:GCTimeRatio=4 -XX:AdaptiveSizePolicyWeight=90 -Dsun.zip.disableMemoryMapping=true -Xmx2G -Xms100m -Xlog:disable -javaagent:c:\Users\ibra\.vscode\extensions\redhat.java-1.53.0-win32-x64\lombok\lombok-1.18.39-4050.jar -XX:+HeapDumpOnOutOfMemoryError -XX:HeapDumpPath=c:\Users\ibra\AppData\Roaming\Code\User\workspaceStorage\9a49d85e5b7e2f713afd8ea770c9460b\redhat.java -Daether.dependencyCollector.impl=bf 
java_command: c:\Users\ibra\.vscode\extensions\redhat.java-1.53.0-win32-x64\server\plugins\org.eclipse.equinox.launcher_1.7.100.v20251111-0406.jar -configuration c:\Users\ibra\AppData\Roaming\Code\User\globalStorage\redhat.java\1.53.0\config_win -data c:\Users\ibra\AppData\Roaming\Code\User\workspaceStorage\9a49d85e5b7e2f713afd8ea770c9460b\redhat.java\jdt_ws --pipe=\\.\pipe\lsp-5fafc1d8338ded280d13ad89c2f058ec-sock
java_class_path (initial): c:\Users\ibra\.vscode\extensions\redhat.java-1.53.0-win32-x64\server\plugins\org.eclipse.equinox.launcher_1.7.100.v20251111-0406.jar
Launcher Type: SUN_STANDARD

[Global flags]
    uintx AdaptiveSizePolicyWeight                 = 90                                        {product} {command line}
     intx CICompilerCount                          = 3                                         {product} {ergonomic}
    uintx GCTimeRatio                              = 4                                         {product} {command line}
     bool HeapDumpOnOutOfMemoryError               = true                                   {manageable} {command line}
    ccstr HeapDumpPath                             = c:\Users\ibra\AppData\Roaming\Code\User\workspaceStorage\9a49d85e5b7e2f713afd8ea770c9460b\redhat.java         {manageable} {command line}
   size_t InitialHeapSize                          = 104857600                                 {product} {command line}
   size_t MaxHeapSize                              = 2147483648                                {product} {command line}
   size_t MaxNewSize                               = 715653120                                 {product} {ergonomic}
   size_t MinHeapDeltaBytes                        = 524288                                    {product} {ergonomic}
   size_t MinHeapSize                              = 104857600                                 {product} {command line}
   size_t NewSize                                  = 34603008                                  {product} {ergonomic}
    uintx NonNMethodCodeHeapSize                   = 5832780                                {pd product} {ergonomic}
    uintx NonProfiledCodeHeapSize                  = 122912730                              {pd product} {ergonomic}
   size_t OldSize                                  = 70254592                                  {product} {ergonomic}
    uintx ProfiledCodeHeapSize                     = 122912730                              {pd product} {ergonomic}
    uintx ReservedCodeCacheSize                    = 251658240                              {pd product} {ergonomic}
     bool SegmentedCodeCache                       = true                                      {product} {ergonomic}
   size_t SoftMaxHeapSize                          = 2147483648                             {manageable} {ergonomic}
     bool UseCompressedOops                        = true                           {product lp64_product} {ergonomic}
     bool UseLargePagesIndividualAllocation        = false                                  {pd product} {ergonomic}
     bool UseParallelGC                            = true                                      {product} {command line}

Logging:
Log output configuration:
 #0: stdout all=off uptime,level,tags foldmultilines=false
 #1: stderr all=off uptime,level,tags foldmultilines=false

Release file:
JAVA_VERSION="21.0.10" 
MODULES="java.base java.compiler java.datatransfer java.xml java.prefs java.desktop java.instrument java.logging java.management java.security.sasl java.naming java.rmi java.management.rmi java.net.http java.scripting java.security.jgss java.transaction.xa java.sql java.sql.rowset java.xml.crypto java.se java.smartcardio jdk.accessibility jdk.internal.jvmstat jdk.attach jdk.charsets jdk.internal.opt jdk.zipfs jdk.compiler jdk.crypto.ec jdk.crypto.cryptoki jdk.crypto.mscapi jdk.dynalink jdk.internal.ed jdk.editpad jdk.hotspot.agent jdk.httpserver jdk.internal.le jdk.internal.vm.ci jdk.internal.vm.compiler jdk.internal.vm.compiler.management jdk.jartool jdk.javadoc jdk.jcmd jdk.management jdk.management.agent jdk.jconsole jdk.jdeps jdk.jdwp.agent jdk.jdi jdk.jfr jdk.jshell jdk.jsobject jdk.jstatd jdk.localedata jdk.management.jfr jdk.naming.dns jdk.naming.rmi jdk.net jdk.nio.mapmode jdk.random jdk.sctp jdk.security.auth jdk.security.jgss jdk.unsupported jdk.unsupported.desktop jdk.xml.dom" 

Environment Variables:
PATH=C:\Users\ibra\AppData\Local\Programs\Microsoft VS Code;C:\Oracle\jdk-21.0.8\bin;C:\Windows\system32;C:\Windows;C:\Windows\System32\Wbem;C:\Windows\System32\WindowsPowerShell\v1.0\;C:\Windows\System32\OpenSSH\;C:\Program Files\nodejs\;C:\Program Files\Git\cmd;C:\Program Files\Microsoft\jdk-25.0.1.8-hotspot\bin;C:\Program Files\Docker\Docker\resources\bin;C:\Program Files\MySQL\MySQL Shell 8.0\bin\;C:\Users\ibra\.config\herd-lite\bin;C:\Users\ibra\AppData\Local\Microsoft\WindowsApps;C:\Users\ibra\AppData\Local\Programs\Microsoft VS Code\bin;C:\Users\ibra\AppData\Roaming\npm
USERNAME=ibra
OS=Windows_NT
PROCESSOR_IDENTIFIER=Intel64 Family 6 Model 78 Stepping 3, GenuineIntel
TMP=C:\Users\ibra\AppData\Local\Temp
TEMP=C:\Users\ibra\AppData\Local\Temp




Periodic native trim disabled

---------------  S Y S T E M  ---------------

OS:
 Windows 11 , 64 bit Build 22000 (10.0.22000.2836)
OS uptime: 0 days 19:37 hours
Hyper-V role detected

CPU: total 4 (initial active 4) (2 cores per cpu, 2 threads per core) family 6 model 78 stepping 3 microcode 0xd6, cx8, cmov, fxsr, ht, mmx, 3dnowpref, sse, sse2, sse3, ssse3, sse4.1, sse4.2, popcnt, lzcnt, tsc, tscinvbit, avx, avx2, aes, erms, clmul, bmi1, bmi2, rtm, adx, fma, vzeroupper, clflush, clflushopt, hv, rdtscp, f16c
Processor Information for the first 4 processors :
  Max Mhz: 2496, Current Mhz: 2396, Mhz Limit: 2396

Memory: 4k page, system-wide physical 8072M (866M free)
TotalPageFile size 32648M (AvailPageFile size 25M)
current process WorkingSet (physical memory assigned to process): 14M, peak: 346M
current process commit charge ("private bytes"): 428M, peak: 430M

vm_info: OpenJDK 64-Bit Server VM (21.0.10+7-LTS) for windows-amd64 JRE (21.0.10+7-LTS), built on 2026-01-20T00:00:00Z by "admin" with MS VC++ 17.12 (VS2022)

END.
