#
# There is insufficient memory for the Java Runtime Environment to continue.
# Native memory allocation (malloc) failed to allocate 41552 bytes for Chunk::new
# Possible reasons:
#   The system is out of physical RAM or swap space
#   The process is running with CompressedOops enabled, and the Java Heap may be blocking the growth of the native heap
# Possible solutions:
#   Reduce memory load on the system
#   Increase physical memory or swap space
#   Check if swap backing store is full
#   Decrease Java heap size (-Xmx/-Xms)
#   Decrease number of Java threads
#   Decrease Java thread stack sizes (-Xss)
#   Set larger code cache with -XX:ReservedCodeCacheSize=
#   JVM is running with Unscaled Compressed Oops mode in which the Java heap is
#     placed in the first 4GB address space. The Java Heap base address is the
#     maximum limit for the native heap growth. Please use -XX:HeapBaseMinAddress
#     to set the Java Heap base and to place the Java Heap above 4GB virtual address.
# This output file may be truncated or incomplete.
#
#  Out of Memory Error (arena.cpp:189), pid=8772, tid=11816
#
# JRE version: Java(TM) SE Runtime Environment (17.0.9+11) (build 17.0.9+11-LTS-201)
# Java VM: Java HotSpot(TM) 64-Bit Server VM (17.0.9+11-LTS-201, mixed mode, emulated-client, sharing, tiered, compressed oops, compressed class ptrs, g1 gc, windows-amd64)
# No core dump will be written. Minidumps are not enabled by default on client versions of Windows
#

---------------  S U M M A R Y ------------

Command Line: -XX:TieredStopAtLevel=1 -Dspring.output.ansi.enabled=always -Dcom.sun.management.jmxremote -Dspring.jmx.enabled=true -Dspring.liveBeansView.mbeanDomain -Dspring.application.admin.enabled=true -Dmanagement.endpoints.jmx.exposure.include=* -javaagent:C:\Program Files\JetBrains\IntelliJ IDEA 2023.1.2\lib\idea_rt.jar=57407:C:\Program Files\JetBrains\IntelliJ IDEA 2023.1.2\bin -Dfile.encoding=UTF-8 medico.PPE.PpeApplication

Host: Intel(R) Core(TM) i5-4300M CPU @ 2.60GHz, 4 cores, 7G,  Windows 10 , 64 bit Build 19041 (10.0.19041.5794)
Time: Wed May  7 11:00:46 2025 Temps universel coordonné elapsed time: 1.409425 seconds (0d 0h 0m 1s)

---------------  T H R E A D  ---------------

Current thread (0x000002d25dad3800):  JavaThread "main" [_thread_in_vm, id=11816, stack(0x000000ec01e00000,0x000000ec01f00000)]

Stack: [0x000000ec01e00000,0x000000ec01f00000]
Native frames: (J=compiled Java code, j=interpreted, Vv=VM code, C=native code)
V  [jvm.dll+0x678a4a]
V  [jvm.dll+0x7d9cfd]
V  [jvm.dll+0x7db60e]
V  [jvm.dll+0x7dbc73]
V  [jvm.dll+0x245e1f]
V  [jvm.dll+0xaaafb]
V  [jvm.dll+0xab09c]
V  [jvm.dll+0x1f1df8]
V  [jvm.dll+0x1f0b86]
V  [jvm.dll+0x75394d]
V  [jvm.dll+0x754d46]
V  [jvm.dll+0x755078]
V  [jvm.dll+0x23e1db]
V  [jvm.dll+0x37dd3e]
C  0x000002d265389aed

Java frames: (J=compiled Java code, j=interpreted, Vv=VM code)
j  com.sun.jmx.mbeanserver.JmxMBeanServer.<init>(Ljava/lang/String;Ljavax/management/MBeanServer;Ljavax/management/MBeanServerDelegate;Lcom/sun/jmx/mbeanserver/MBeanInstantiator;ZZ)V+110 java.management@17.0.9
j  com.sun.jmx.mbeanserver.JmxMBeanServer.newMBeanServer(Ljava/lang/String;Ljavax/management/MBeanServer;Ljavax/management/MBeanServerDelegate;Z)Ljavax/management/MBeanServer;+16 java.management@17.0.9
j  javax.management.MBeanServerBuilder.newMBeanServer(Ljava/lang/String;Ljavax/management/MBeanServer;Ljavax/management/MBeanServerDelegate;)Ljavax/management/MBeanServer;+4 java.management@17.0.9
j  javax.management.MBeanServerFactory.newMBeanServer(Ljava/lang/String;)Ljavax/management/MBeanServer;+40 java.management@17.0.9
j  javax.management.MBeanServerFactory.createMBeanServer(Ljava/lang/String;)Ljavax/management/MBeanServer;+6 java.management@17.0.9
j  javax.management.MBeanServerFactory.createMBeanServer()Ljavax/management/MBeanServer;+1 java.management@17.0.9
j  java.lang.management.ManagementFactory.getPlatformMBeanServer()Ljavax/management/MBeanServer;+29 java.management@17.0.9
j  sun.management.jmxremote.ConnectorBootstrap.startLocalConnectorServer()Ljavax/management/remote/JMXConnectorServer;+88 jdk.management.agent@17.0.9
j  jdk.internal.agent.Agent.startLocalManagementAgent()V+13 jdk.management.agent@17.0.9
j  jdk.internal.agent.Agent.startAgent(Ljava/util/Properties;)V+58 jdk.management.agent@17.0.9
j  jdk.internal.agent.Agent.startAgent()V+20 jdk.management.agent@17.0.9
v  ~StubRoutines::call_stub

---------------  P R O C E S S  ---------------

Threads class SMR info:
_java_thread_list=0x000002d2740620f0, length=14, elements={
0x000002d25dad3800, 0x000002d26f2571d0, 0x000002d26f258050, 0x000002d26f266e60,
0x000002d26f26a400, 0x000002d26f26bdd0, 0x000002d26f26c790, 0x000002d26f26da10,
0x000002d26f26e410, 0x000002d26f2441f0, 0x000002d26f48c7e0, 0x000002d26f48cd00,
0x000002d26f8186c0, 0x000002d26f81bd90
}

Java Threads: ( => current thread )
=>0x000002d25dad3800 JavaThread "main" [_thread_in_vm, id=11816, stack(0x000000ec01e00000,0x000000ec01f00000)]
  0x000002d26f2571d0 JavaThread "Reference Handler" daemon [_thread_blocked, id=13040, stack(0x000000ec02500000,0x000000ec02600000)]
  0x000002d26f258050 JavaThread "Finalizer" daemon [_thread_blocked, id=12528, stack(0x000000ec02600000,0x000000ec02700000)]
  0x000002d26f266e60 JavaThread "Signal Dispatcher" daemon [_thread_blocked, id=10272, stack(0x000000ec02800000,0x000000ec02900000)]
  0x000002d26f26a400 JavaThread "Attach Listener" daemon [_thread_blocked, id=2760, stack(0x000000ec02900000,0x000000ec02a00000)]
  0x000002d26f26bdd0 JavaThread "Service Thread" daemon [_thread_blocked, id=11548, stack(0x000000ec02a00000,0x000000ec02b00000)]
  0x000002d26f26c790 JavaThread "Monitor Deflation Thread" daemon [_thread_blocked, id=12040, stack(0x000000ec02b00000,0x000000ec02c00000)]
  0x000002d26f26da10 JavaThread "C1 CompilerThread0" daemon [_thread_blocked, id=12132, stack(0x000000ec02c00000,0x000000ec02d00000)]
  0x000002d26f26e410 JavaThread "Sweeper thread" daemon [_thread_blocked, id=14404, stack(0x000000ec02d00000,0x000000ec02e00000)]
  0x000002d26f2441f0 JavaThread "Common-Cleaner" daemon [_thread_blocked, id=7084, stack(0x000000ec02e00000,0x000000ec02f00000)]
  0x000002d26f48c7e0 JavaThread "C1 CompilerThread1" daemon [_thread_blocked, id=11948, stack(0x000000ec02f00000,0x000000ec03000000)]
  0x000002d26f48cd00 JavaThread "C1 CompilerThread2" daemon [_thread_blocked, id=6628, stack(0x000000ec03000000,0x000000ec03100000)]
  0x000002d26f8186c0 JavaThread "Monitor Ctrl-Break" daemon [_thread_in_native, id=11184, stack(0x000000ec03100000,0x000000ec03200000)]
  0x000002d26f81bd90 JavaThread "Notification Thread" daemon [_thread_blocked, id=11616, stack(0x000000ec03200000,0x000000ec03300000)]

Other Threads:
  0x000002d26f251d00 VMThread "VM Thread" [stack: 0x000000ec02400000,0x000000ec02500000] [id=2404]
  0x000002d25db2e510 GCTaskThread "GC Thread#0" [stack: 0x000000ec01f00000,0x000000ec02000000] [id=6048]
  0x000002d25db3f1e0 ConcurrentGCThread "G1 Main Marker" [stack: 0x000000ec02000000,0x000000ec02100000] [id=7212]
  0x000002d25db3fbf0 ConcurrentGCThread "G1 Conc#0" [stack: 0x000000ec02100000,0x000000ec02200000] [id=10852]
  0x000002d26f1100a0 ConcurrentGCThread "G1 Refine#0" [stack: 0x000000ec02200000,0x000000ec02300000] [id=11284]
  0x000002d26f110ad0 ConcurrentGCThread "G1 Service" [stack: 0x000000ec02300000,0x000000ec02400000] [id=14496]

Threads with active compile tasks:

VM state: not at safepoint (normal execution)

VM Mutex/Monitor currently owned by a thread: None

Heap address: 0x0000000081400000, size: 2028 MB, Compressed Oops mode: 32-bit

CDS archive(s) mapped at: [0x000002d200000000-0x000002d200bd0000-0x000002d200bd0000), size 12386304, SharedBaseAddress: 0x000002d200000000, ArchiveRelocationMode: 1.
Compressed class space mapped at: 0x000002d201000000-0x000002d241000000, reserved size: 1073741824
Narrow klass base: 0x000002d200000000, Narrow klass shift: 0, Narrow klass range: 0x100000000

GC Precious Log:
 CPUs: 4 total, 4 available
 Memory: 8105M
 Large Page Support: Disabled
 NUMA Support: Disabled
 Compressed Oops: Enabled (32-bit)
 Heap Region Size: 1M
 Heap Min Capacity: 8M
 Heap Initial Capacity: 128M
 Heap Max Capacity: 2028M
 Pre-touch: Disabled
 Parallel Workers: 4
 Concurrent Workers: 1
 Concurrent Refinement Workers: 4
 Periodic GC: Disabled

Heap:
 garbage-first heap   total 131072K, used 8192K [0x0000000081400000, 0x0000000100000000)
  region size 1024K, 8 young (8192K), 0 survivors (0K)
 Metaspace       used 1064K, committed 1216K, reserved 1114112K
  class space    used 102K, committed 192K, reserved 1048576K

Heap Regions: E=young(eden), S=young(survivor), O=old, HS=humongous(starts), HC=humongous(continues), CS=collection set, F=free, OA=open archive, CA=closed archive, TAMS=top-at-mark-start (previous, next)
|   0|0x0000000081400000, 0x0000000081500000, 0x0000000081500000|100%|HS|  |TAMS 0x0000000081400000, 0x0000000081400000| Complete 
|   1|0x0000000081500000, 0x0000000081500000, 0x0000000081600000|  0%| F|  |TAMS 0x0000000081500000, 0x0000000081500000| Untracked 
|   2|0x0000000081600000, 0x0000000081600000, 0x0000000081700000|  0%| F|  |TAMS 0x0000000081600000, 0x0000000081600000| Untracked 
|   3|0x0000000081700000, 0x0000000081700000, 0x0000000081800000|  0%| F|  |TAMS 0x0000000081700000, 0x0000000081700000| Untracked 
|   4|0x0000000081800000, 0x0000000081800000, 0x0000000081900000|  0%| F|  |TAMS 0x0000000081800000, 0x0000000081800000| Untracked 
|   5|0x0000000081900000, 0x0000000081900000, 0x0000000081a00000|  0%| F|  |TAMS 0x0000000081900000, 0x0000000081900000| Untracked 
|   6|0x0000000081a00000, 0x0000000081a00000, 0x0000000081b00000|  0%| F|  |TAMS 0x0000000081a00000, 0x0000000081a00000| Untracked 
|   7|0x0000000081b00000, 0x0000000081b00000, 0x0000000081c00000|  0%| F|  |TAMS 0x0000000081b00000, 0x0000000081b00000| Untracked 
|   8|0x0000000081c00000, 0x0000000081c00000, 0x0000000081d00000|  0%| F|  |TAMS 0x0000000081c00000, 0x0000000081c00000| Untracked 
|   9|0x0000000081d00000, 0x0000000081d00000, 0x0000000081e00000|  0%| F|  |TAMS 0x0000000081d00000, 0x0000000081d00000| Untracked 
|  10|0x0000000081e00000, 0x0000000081e00000, 0x0000000081f00000|  0%| F|  |TAMS 0x0000000081e00000, 0x0000000081e00000| Untracked 
|  11|0x0000000081f00000, 0x0000000081f00000, 0x0000000082000000|  0%| F|  |TAMS 0x0000000081f00000, 0x0000000081f00000| Untracked 
|  12|0x0000000082000000, 0x0000000082000000, 0x0000000082100000|  0%| F|  |TAMS 0x0000000082000000, 0x0000000082000000| Untracked 
|  13|0x0000000082100000, 0x0000000082100000, 0x0000000082200000|  0%| F|  |TAMS 0x0000000082100000, 0x0000000082100000| Untracked 
|  14|0x0000000082200000, 0x0000000082200000, 0x0000000082300000|  0%| F|  |TAMS 0x0000000082200000, 0x0000000082200000| Untracked 
|  15|0x0000000082300000, 0x0000000082300000, 0x0000000082400000|  0%| F|  |TAMS 0x0000000082300000, 0x0000000082300000| Untracked 
|  16|0x0000000082400000, 0x0000000082400000, 0x0000000082500000|  0%| F|  |TAMS 0x0000000082400000, 0x0000000082400000| Untracked 
|  17|0x0000000082500000, 0x0000000082500000, 0x0000000082600000|  0%| F|  |TAMS 0x0000000082500000, 0x0000000082500000| Untracked 
|  18|0x0000000082600000, 0x0000000082600000, 0x0000000082700000|  0%| F|  |TAMS 0x0000000082600000, 0x0000000082600000| Untracked 
|  19|0x0000000082700000, 0x0000000082700000, 0x0000000082800000|  0%| F|  |TAMS 0x0000000082700000, 0x0000000082700000| Untracked 
|  20|0x0000000082800000, 0x0000000082800000, 0x0000000082900000|  0%| F|  |TAMS 0x0000000082800000, 0x0000000082800000| Untracked 
|  21|0x0000000082900000, 0x0000000082900000, 0x0000000082a00000|  0%| F|  |TAMS 0x0000000082900000, 0x0000000082900000| Untracked 
|  22|0x0000000082a00000, 0x0000000082a00000, 0x0000000082b00000|  0%| F|  |TAMS 0x0000000082a00000, 0x0000000082a00000| Untracked 
|  23|0x0000000082b00000, 0x0000000082b00000, 0x0000000082c00000|  0%| F|  |TAMS 0x0000000082b00000, 0x0000000082b00000| Untracked 
|  24|0x0000000082c00000, 0x0000000082c00000, 0x0000000082d00000|  0%| F|  |TAMS 0x0000000082c00000, 0x0000000082c00000| Untracked 
|  25|0x0000000082d00000, 0x0000000082d00000, 0x0000000082e00000|  0%| F|  |TAMS 0x0000000082d00000, 0x0000000082d00000| Untracked 
|  26|0x0000000082e00000, 0x0000000082e00000, 0x0000000082f00000|  0%| F|  |TAMS 0x0000000082e00000, 0x0000000082e00000| Untracked 
|  27|0x0000000082f00000, 0x0000000082f00000, 0x0000000083000000|  0%| F|  |TAMS 0x0000000082f00000, 0x0000000082f00000| Untracked 
|  28|0x0000000083000000, 0x0000000083000000, 0x0000000083100000|  0%| F|  |TAMS 0x0000000083000000, 0x0000000083000000| Untracked 
|  29|0x0000000083100000, 0x0000000083100000, 0x0000000083200000|  0%| F|  |TAMS 0x0000000083100000, 0x0000000083100000| Untracked 
|  30|0x0000000083200000, 0x0000000083200000, 0x0000000083300000|  0%| F|  |TAMS 0x0000000083200000, 0x0000000083200000| Untracked 
|  31|0x0000000083300000, 0x0000000083300000, 0x0000000083400000|  0%| F|  |TAMS 0x0000000083300000, 0x0000000083300000| Untracked 
|  32|0x0000000083400000, 0x0000000083400000, 0x0000000083500000|  0%| F|  |TAMS 0x0000000083400000, 0x0000000083400000| Untracked 
|  33|0x0000000083500000, 0x0000000083500000, 0x0000000083600000|  0%| F|  |TAMS 0x0000000083500000, 0x0000000083500000| Untracked 
|  34|0x0000000083600000, 0x0000000083600000, 0x0000000083700000|  0%| F|  |TAMS 0x0000000083600000, 0x0000000083600000| Untracked 
|  35|0x0000000083700000, 0x0000000083700000, 0x0000000083800000|  0%| F|  |TAMS 0x0000000083700000, 0x0000000083700000| Untracked 
|  36|0x0000000083800000, 0x0000000083800000, 0x0000000083900000|  0%| F|  |TAMS 0x0000000083800000, 0x0000000083800000| Untracked 
|  37|0x0000000083900000, 0x0000000083900000, 0x0000000083a00000|  0%| F|  |TAMS 0x0000000083900000, 0x0000000083900000| Untracked 
|  38|0x0000000083a00000, 0x0000000083a00000, 0x0000000083b00000|  0%| F|  |TAMS 0x0000000083a00000, 0x0000000083a00000| Untracked 
|  39|0x0000000083b00000, 0x0000000083b00000, 0x0000000083c00000|  0%| F|  |TAMS 0x0000000083b00000, 0x0000000083b00000| Untracked 
|  40|0x0000000083c00000, 0x0000000083c00000, 0x0000000083d00000|  0%| F|  |TAMS 0x0000000083c00000, 0x0000000083c00000| Untracked 
|  41|0x0000000083d00000, 0x0000000083d00000, 0x0000000083e00000|  0%| F|  |TAMS 0x0000000083d00000, 0x0000000083d00000| Untracked 
|  42|0x0000000083e00000, 0x0000000083e00000, 0x0000000083f00000|  0%| F|  |TAMS 0x0000000083e00000, 0x0000000083e00000| Untracked 
|  43|0x0000000083f00000, 0x0000000083f00000, 0x0000000084000000|  0%| F|  |TAMS 0x0000000083f00000, 0x0000000083f00000| Untracked 
|  44|0x0000000084000000, 0x0000000084000000, 0x0000000084100000|  0%| F|  |TAMS 0x0000000084000000, 0x0000000084000000| Untracked 
|  45|0x0000000084100000, 0x0000000084100000, 0x0000000084200000|  0%| F|  |TAMS 0x0000000084100000, 0x0000000084100000| Untracked 
|  46|0x0000000084200000, 0x0000000084200000, 0x0000000084300000|  0%| F|  |TAMS 0x0000000084200000, 0x0000000084200000| Untracked 
|  47|0x0000000084300000, 0x0000000084300000, 0x0000000084400000|  0%| F|  |TAMS 0x0000000084300000, 0x0000000084300000| Untracked 
|  48|0x0000000084400000, 0x0000000084400000, 0x0000000084500000|  0%| F|  |TAMS 0x0000000084400000, 0x0000000084400000| Untracked 
|  49|0x0000000084500000, 0x0000000084500000, 0x0000000084600000|  0%| F|  |TAMS 0x0000000084500000, 0x0000000084500000| Untracked 
|  50|0x0000000084600000, 0x0000000084600000, 0x0000000084700000|  0%| F|  |TAMS 0x0000000084600000, 0x0000000084600000| Untracked 
|  51|0x0000000084700000, 0x0000000084700000, 0x0000000084800000|  0%| F|  |TAMS 0x0000000084700000, 0x0000000084700000| Untracked 
|  52|0x0000000084800000, 0x0000000084800000, 0x0000000084900000|  0%| F|  |TAMS 0x0000000084800000, 0x0000000084800000| Untracked 
|  53|0x0000000084900000, 0x0000000084900000, 0x0000000084a00000|  0%| F|  |TAMS 0x0000000084900000, 0x0000000084900000| Untracked 
|  54|0x0000000084a00000, 0x0000000084a00000, 0x0000000084b00000|  0%| F|  |TAMS 0x0000000084a00000, 0x0000000084a00000| Untracked 
|  55|0x0000000084b00000, 0x0000000084b00000, 0x0000000084c00000|  0%| F|  |TAMS 0x0000000084b00000, 0x0000000084b00000| Untracked 
|  56|0x0000000084c00000, 0x0000000084c00000, 0x0000000084d00000|  0%| F|  |TAMS 0x0000000084c00000, 0x0000000084c00000| Untracked 
|  57|0x0000000084d00000, 0x0000000084d00000, 0x0000000084e00000|  0%| F|  |TAMS 0x0000000084d00000, 0x0000000084d00000| Untracked 
|  58|0x0000000084e00000, 0x0000000084e00000, 0x0000000084f00000|  0%| F|  |TAMS 0x0000000084e00000, 0x0000000084e00000| Untracked 
|  59|0x0000000084f00000, 0x0000000084f00000, 0x0000000085000000|  0%| F|  |TAMS 0x0000000084f00000, 0x0000000084f00000| Untracked 
|  60|0x0000000085000000, 0x0000000085000000, 0x0000000085100000|  0%| F|  |TAMS 0x0000000085000000, 0x0000000085000000| Untracked 
|  61|0x0000000085100000, 0x0000000085100000, 0x0000000085200000|  0%| F|  |TAMS 0x0000000085100000, 0x0000000085100000| Untracked 
|  62|0x0000000085200000, 0x0000000085200000, 0x0000000085300000|  0%| F|  |TAMS 0x0000000085200000, 0x0000000085200000| Untracked 
|  63|0x0000000085300000, 0x0000000085300000, 0x0000000085400000|  0%| F|  |TAMS 0x0000000085300000, 0x0000000085300000| Untracked 
|  64|0x0000000085400000, 0x0000000085400000, 0x0000000085500000|  0%| F|  |TAMS 0x0000000085400000, 0x0000000085400000| Untracked 
|  65|0x0000000085500000, 0x0000000085500000, 0x0000000085600000|  0%| F|  |TAMS 0x0000000085500000, 0x0000000085500000| Untracked 
|  66|0x0000000085600000, 0x0000000085600000, 0x0000000085700000|  0%| F|  |TAMS 0x0000000085600000, 0x0000000085600000| Untracked 
|  67|0x0000000085700000, 0x0000000085700000, 0x0000000085800000|  0%| F|  |TAMS 0x0000000085700000, 0x0000000085700000| Untracked 
|  68|0x0000000085800000, 0x0000000085800000, 0x0000000085900000|  0%| F|  |TAMS 0x0000000085800000, 0x0000000085800000| Untracked 
|  69|0x0000000085900000, 0x0000000085900000, 0x0000000085a00000|  0%| F|  |TAMS 0x0000000085900000, 0x0000000085900000| Untracked 
|  70|0x0000000085a00000, 0x0000000085a00000, 0x0000000085b00000|  0%| F|  |TAMS 0x0000000085a00000, 0x0000000085a00000| Untracked 
|  71|0x0000000085b00000, 0x0000000085b00000, 0x0000000085c00000|  0%| F|  |TAMS 0x0000000085b00000, 0x0000000085b00000| Untracked 
|  72|0x0000000085c00000, 0x0000000085c00000, 0x0000000085d00000|  0%| F|  |TAMS 0x0000000085c00000, 0x0000000085c00000| Untracked 
|  73|0x0000000085d00000, 0x0000000085d00000, 0x0000000085e00000|  0%| F|  |TAMS 0x0000000085d00000, 0x0000000085d00000| Untracked 
|  74|0x0000000085e00000, 0x0000000085e00000, 0x0000000085f00000|  0%| F|  |TAMS 0x0000000085e00000, 0x0000000085e00000| Untracked 
|  75|0x0000000085f00000, 0x0000000085f00000, 0x0000000086000000|  0%| F|  |TAMS 0x0000000085f00000, 0x0000000085f00000| Untracked 
|  76|0x0000000086000000, 0x0000000086000000, 0x0000000086100000|  0%| F|  |TAMS 0x0000000086000000, 0x0000000086000000| Untracked 
|  77|0x0000000086100000, 0x0000000086100000, 0x0000000086200000|  0%| F|  |TAMS 0x0000000086100000, 0x0000000086100000| Untracked 
|  78|0x0000000086200000, 0x0000000086200000, 0x0000000086300000|  0%| F|  |TAMS 0x0000000086200000, 0x0000000086200000| Untracked 
|  79|0x0000000086300000, 0x0000000086300000, 0x0000000086400000|  0%| F|  |TAMS 0x0000000086300000, 0x0000000086300000| Untracked 
|  80|0x0000000086400000, 0x0000000086400000, 0x0000000086500000|  0%| F|  |TAMS 0x0000000086400000, 0x0000000086400000| Untracked 
|  81|0x0000000086500000, 0x0000000086500000, 0x0000000086600000|  0%| F|  |TAMS 0x0000000086500000, 0x0000000086500000| Untracked 
|  82|0x0000000086600000, 0x0000000086600000, 0x0000000086700000|  0%| F|  |TAMS 0x0000000086600000, 0x0000000086600000| Untracked 
|  83|0x0000000086700000, 0x0000000086700000, 0x0000000086800000|  0%| F|  |TAMS 0x0000000086700000, 0x0000000086700000| Untracked 
|  84|0x0000000086800000, 0x0000000086800000, 0x0000000086900000|  0%| F|  |TAMS 0x0000000086800000, 0x0000000086800000| Untracked 
|  85|0x0000000086900000, 0x0000000086900000, 0x0000000086a00000|  0%| F|  |TAMS 0x0000000086900000, 0x0000000086900000| Untracked 
|  86|0x0000000086a00000, 0x0000000086a00000, 0x0000000086b00000|  0%| F|  |TAMS 0x0000000086a00000, 0x0000000086a00000| Untracked 
|  87|0x0000000086b00000, 0x0000000086b00000, 0x0000000086c00000|  0%| F|  |TAMS 0x0000000086b00000, 0x0000000086b00000| Untracked 
|  88|0x0000000086c00000, 0x0000000086c00000, 0x0000000086d00000|  0%| F|  |TAMS 0x0000000086c00000, 0x0000000086c00000| Untracked 
|  89|0x0000000086d00000, 0x0000000086d00000, 0x0000000086e00000|  0%| F|  |TAMS 0x0000000086d00000, 0x0000000086d00000| Untracked 
|  90|0x0000000086e00000, 0x0000000086e00000, 0x0000000086f00000|  0%| F|  |TAMS 0x0000000086e00000, 0x0000000086e00000| Untracked 
|  91|0x0000000086f00000, 0x0000000086f00000, 0x0000000087000000|  0%| F|  |TAMS 0x0000000086f00000, 0x0000000086f00000| Untracked 
|  92|0x0000000087000000, 0x0000000087000000, 0x0000000087100000|  0%| F|  |TAMS 0x0000000087000000, 0x0000000087000000| Untracked 
|  93|0x0000000087100000, 0x0000000087100000, 0x0000000087200000|  0%| F|  |TAMS 0x0000000087100000, 0x0000000087100000| Untracked 
|  94|0x0000000087200000, 0x0000000087200000, 0x0000000087300000|  0%| F|  |TAMS 0x0000000087200000, 0x0000000087200000| Untracked 
|  95|0x0000000087300000, 0x0000000087300000, 0x0000000087400000|  0%| F|  |TAMS 0x0000000087300000, 0x0000000087300000| Untracked 
|  96|0x0000000087400000, 0x0000000087400000, 0x0000000087500000|  0%| F|  |TAMS 0x0000000087400000, 0x0000000087400000| Untracked 
|  97|0x0000000087500000, 0x0000000087500000, 0x0000000087600000|  0%| F|  |TAMS 0x0000000087500000, 0x0000000087500000| Untracked 
|  98|0x0000000087600000, 0x0000000087600000, 0x0000000087700000|  0%| F|  |TAMS 0x0000000087600000, 0x0000000087600000| Untracked 
|  99|0x0000000087700000, 0x0000000087700000, 0x0000000087800000|  0%| F|  |TAMS 0x0000000087700000, 0x0000000087700000| Untracked 
| 100|0x0000000087800000, 0x0000000087800000, 0x0000000087900000|  0%| F|  |TAMS 0x0000000087800000, 0x0000000087800000| Untracked 
| 101|0x0000000087900000, 0x0000000087900000, 0x0000000087a00000|  0%| F|  |TAMS 0x0000000087900000, 0x0000000087900000| Untracked 
| 102|0x0000000087a00000, 0x0000000087a00000, 0x0000000087b00000|  0%| F|  |TAMS 0x0000000087a00000, 0x0000000087a00000| Untracked 
| 103|0x0000000087b00000, 0x0000000087b00000, 0x0000000087c00000|  0%| F|  |TAMS 0x0000000087b00000, 0x0000000087b00000| Untracked 
| 104|0x0000000087c00000, 0x0000000087c00000, 0x0000000087d00000|  0%| F|  |TAMS 0x0000000087c00000, 0x0000000087c00000| Untracked 
| 105|0x0000000087d00000, 0x0000000087d00000, 0x0000000087e00000|  0%| F|  |TAMS 0x0000000087d00000, 0x0000000087d00000| Untracked 
| 106|0x0000000087e00000, 0x0000000087e00000, 0x0000000087f00000|  0%| F|  |TAMS 0x0000000087e00000, 0x0000000087e00000| Untracked 
| 107|0x0000000087f00000, 0x0000000087f00000, 0x0000000088000000|  0%| F|  |TAMS 0x0000000087f00000, 0x0000000087f00000| Untracked 
| 108|0x0000000088000000, 0x0000000088000000, 0x0000000088100000|  0%| F|  |TAMS 0x0000000088000000, 0x0000000088000000| Untracked 
| 109|0x0000000088100000, 0x0000000088100000, 0x0000000088200000|  0%| F|  |TAMS 0x0000000088100000, 0x0000000088100000| Untracked 
| 110|0x0000000088200000, 0x0000000088200000, 0x0000000088300000|  0%| F|  |TAMS 0x0000000088200000, 0x0000000088200000| Untracked 
| 111|0x0000000088300000, 0x0000000088300000, 0x0000000088400000|  0%| F|  |TAMS 0x0000000088300000, 0x0000000088300000| Untracked 
| 112|0x0000000088400000, 0x0000000088400000, 0x0000000088500000|  0%| F|  |TAMS 0x0000000088400000, 0x0000000088400000| Untracked 
| 113|0x0000000088500000, 0x0000000088500000, 0x0000000088600000|  0%| F|  |TAMS 0x0000000088500000, 0x0000000088500000| Untracked 
| 114|0x0000000088600000, 0x0000000088600000, 0x0000000088700000|  0%| F|  |TAMS 0x0000000088600000, 0x0000000088600000| Untracked 
| 115|0x0000000088700000, 0x0000000088700000, 0x0000000088800000|  0%| F|  |TAMS 0x0000000088700000, 0x0000000088700000| Untracked 
| 116|0x0000000088800000, 0x0000000088800000, 0x0000000088900000|  0%| F|  |TAMS 0x0000000088800000, 0x0000000088800000| Untracked 
| 117|0x0000000088900000, 0x0000000088900000, 0x0000000088a00000|  0%| F|  |TAMS 0x0000000088900000, 0x0000000088900000| Untracked 
| 118|0x0000000088a00000, 0x0000000088a00000, 0x0000000088b00000|  0%| F|  |TAMS 0x0000000088a00000, 0x0000000088a00000| Untracked 
| 119|0x0000000088b00000, 0x0000000088b00000, 0x0000000088c00000|  0%| F|  |TAMS 0x0000000088b00000, 0x0000000088b00000| Untracked 
| 120|0x0000000088c00000, 0x0000000088c87a08, 0x0000000088d00000| 52%| E|  |TAMS 0x0000000088c00000, 0x0000000088c00000| Complete 
| 121|0x0000000088d00000, 0x0000000088e00000, 0x0000000088e00000|100%| E|CS|TAMS 0x0000000088d00000, 0x0000000088d00000| Complete 
| 122|0x0000000088e00000, 0x0000000088f00000, 0x0000000088f00000|100%| E|CS|TAMS 0x0000000088e00000, 0x0000000088e00000| Complete 
| 123|0x0000000088f00000, 0x0000000089000000, 0x0000000089000000|100%| E|CS|TAMS 0x0000000088f00000, 0x0000000088f00000| Complete 
| 124|0x0000000089000000, 0x0000000089100000, 0x0000000089100000|100%| E|CS|TAMS 0x0000000089000000, 0x0000000089000000| Complete 
| 125|0x0000000089100000, 0x0000000089200000, 0x0000000089200000|100%| E|CS|TAMS 0x0000000089100000, 0x0000000089100000| Complete 
| 126|0x0000000089200000, 0x0000000089300000, 0x0000000089300000|100%| E|CS|TAMS 0x0000000089200000, 0x0000000089200000| Complete 
| 127|0x0000000089300000, 0x0000000089400000, 0x0000000089400000|100%| E|CS|TAMS 0x0000000089300000, 0x0000000089300000| Complete 

Card table byte_map: [0x000002d268770000,0x000002d268b70000] _byte_map_base: 0x000002d268366000

Marking Bits (Prev, Next): (CMBitMap*) 0x000002d25db2eb30, (CMBitMap*) 0x000002d25db2eb70
 Prev Bits: [0x000002d268f70000, 0x000002d26af20000)
 Next Bits: [0x000002d26af20000, 0x000002d26ced0000)

Polling page: 0x000002d25bc70000

Metaspace:

Usage:
  Non-class:    962.55 KB used.
      Class:    102.41 KB used.
       Both:      1.04 MB used.

Virtual space:
  Non-class space:       64.00 MB reserved,       1.00 MB (  2%) committed,  1 nodes.
      Class space:        1.00 GB reserved,     192.00 KB ( <1%) committed,  1 nodes.
             Both:        1.06 GB reserved,       1.19 MB ( <1%) committed. 

Chunk freelists:
   Non-Class:  11.98 MB
       Class:  15.74 MB
        Both:  27.73 MB

MaxMetaspaceSize: unlimited
CompressedClassSpaceSize: 1.00 GB
Initial GC threshold: 21.00 MB
Current GC threshold: 21.00 MB
CDS: on
MetaspaceReclaimPolicy: balanced
 - commit_granule_bytes: 65536.
 - commit_granule_words: 8192.
 - virtual_space_node_default_size: 8388608.
 - enlarge_chunks_in_place: 1.
 - new_chunks_are_fully_committed: 0.
 - uncommit_free_chunks: 1.
 - use_allocation_guard: 0.
 - handle_deallocations: 1.


Internal statistics:

num_allocs_failed_limit: 0.
num_arena_births: 12.
num_arena_deaths: 0.
num_vsnodes_births: 2.
num_vsnodes_deaths: 0.
num_space_committed: 19.
num_space_uncommitted: 0.
num_chunks_returned_to_freelist: 0.
num_chunks_taken_from_freelist: 15.
num_chunk_merges: 0.
num_chunk_splits: 9.
num_chunks_enlarged: 4.
num_inconsistent_stats: 0.

CodeCache: size=49152Kb used=2692Kb max_used=2692Kb free=46459Kb
 bounds [0x000002d265370000, 0x000002d265620000, 0x000002d268370000]
 total_blobs=771 nmethods=372 adapters=325
 compilation: enabled
              stopped_count=0, restarted_count=0
 full_count=0

Compilation events (20 events):
Event: 1.341 Thread 0x000002d26f48c7e0 nmethod 361 0x000002d265608190 code [0x000002d265608320, 0x000002d265608408]
Event: 1.341 Thread 0x000002d26f48cd00 nmethod 360 0x000002d265608490 code [0x000002d265608640, 0x000002d265608778]
Event: 1.346 Thread 0x000002d26f48cd00  363 %     1       java.util.Properties$LineReader::readLine @ 224 (584 bytes)
Event: 1.349 Thread 0x000002d26f48c7e0  364       1       java.util.concurrent.ConcurrentHashMap$Traverser::advance (188 bytes)
Event: 1.349 Thread 0x000002d26f48cd00 nmethod 363% 0x000002d265608e90 code [0x000002d265609120, 0x000002d26560a4d8]
Event: 1.350 Thread 0x000002d26f48c7e0 nmethod 364 0x000002d26560b010 code [0x000002d26560b200, 0x000002d26560b7d8]
Event: 1.351 Thread 0x000002d26f26da10  365       1       java.lang.invoke.MethodType::equals (56 bytes)
Event: 1.351 Thread 0x000002d26f26da10 nmethod 365 0x000002d26560c610 code [0x000002d26560c7e0, 0x000002d26560cbb8]
Event: 1.352 Thread 0x000002d26f48c7e0  366       1       java.lang.invoke.MethodType$ConcurrentWeakInternSet$WeakEntry::hashCode (5 bytes)
Event: 1.353 Thread 0x000002d26f48c7e0 nmethod 366 0x000002d26560d310 code [0x000002d26560d4a0, 0x000002d26560d578]
Event: 1.353 Thread 0x000002d26f48cd00  367       1       java.lang.invoke.MethodType$ConcurrentWeakInternSet::get (47 bytes)
Event: 1.353 Thread 0x000002d26f48c7e0  368       1       java.util.Arrays::equals (57 bytes)
Event: 1.353 Thread 0x000002d26f48c7e0 nmethod 368 0x000002d26560d610 code [0x000002d26560d7c0, 0x000002d26560da48]
Event: 1.353 Thread 0x000002d26f48cd00 nmethod 367 0x000002d26560db90 code [0x000002d26560dd80, 0x000002d26560e158]
Event: 1.354 Thread 0x000002d26f48cd00  369       1       sun.invoke.util.VerifyAccess::isTypeVisible (118 bytes)
Event: 1.356 Thread 0x000002d26f48cd00 nmethod 369 0x000002d26560e390 code [0x000002d26560e620, 0x000002d26560ef18]
Event: 1.357 Thread 0x000002d26f48cd00  371       1       jdk.internal.org.objectweb.asm.Symbol::<init> (38 bytes)
Event: 1.358 Thread 0x000002d26f48cd00 nmethod 371 0x000002d26560f790 code [0x000002d26560f920, 0x000002d26560fb18]
Event: 1.358 Thread 0x000002d26f26da10  372       1       jdk.internal.org.objectweb.asm.SymbolTable::put (150 bytes)
Event: 1.358 Thread 0x000002d26f26da10 nmethod 372 0x000002d26560fb90 code [0x000002d26560fd60, 0x000002d2656102f8]

GC Heap History (0 events):
No events

Deoptimization events (0 events):
No events

Classes unloaded (0 events):
No events

Classes redefined (0 events):
No events

Internal exceptions (2 events):
Event: 1.247 Thread 0x000002d26f8186c0 Exception <a 'java/lang/NoSuchMethodError'{0x0000000088c46ae8}: 'java.lang.Object java.lang.invoke.DirectMethodHandle$Holder.invokeStaticInit(java.lang.Object)'> (0x0000000088c46ae8) 
thrown [s\open\src\hotspot\share\interpreter\linkResolver.cpp, line 759]
Event: 1.333 Thread 0x000002d26f8186c0 Exception <a 'java/lang/NoSuchMethodError'{0x0000000088c542b0}: 'void java.lang.invoke.DirectMethodHandle$Holder.invokeStatic(java.lang.Object, java.lang.Object)'> (0x0000000088c542b0) 
thrown [s\open\src\hotspot\share\interpreter\linkResolver.cpp, line 759]

VM Operations (6 events):
Event: 0.302 Executing VM operation: HandshakeAllThreads
Event: 0.302 Executing VM operation: HandshakeAllThreads done
Event: 1.228 Executing VM operation: HandshakeAllThreads
Event: 1.237 Executing VM operation: HandshakeAllThreads done
Event: 1.237 Executing VM operation: Cleanup
Event: 1.237 Executing VM operation: Cleanup done

Events (20 events):
Event: 1.395 loading class com/sun/jmx/mbeanserver/SecureClassLoaderRepository done
Event: 1.395 loading class com/sun/jmx/mbeanserver/JmxMBeanServer$1
Event: 1.400 loading class com/sun/jmx/mbeanserver/JmxMBeanServer$1 done
Event: 1.401 loading class com/sun/jmx/mbeanserver/Repository
Event: 1.401 loading class com/sun/jmx/mbeanserver/Repository done
Event: 1.401 loading class java/util/concurrent/locks/ReentrantReadWriteLock
Event: 1.401 loading class java/util/concurrent/locks/ReadWriteLock
Event: 1.402 loading class java/util/concurrent/locks/ReadWriteLock done
Event: 1.402 loading class java/util/concurrent/locks/ReentrantReadWriteLock done
Event: 1.402 loading class java/util/concurrent/locks/ReentrantReadWriteLock$FairSync
Event: 1.402 loading class java/util/concurrent/locks/ReentrantReadWriteLock$Sync
Event: 1.403 loading class java/util/concurrent/locks/ReentrantReadWriteLock$Sync done
Event: 1.403 loading class java/util/concurrent/locks/ReentrantReadWriteLock$FairSync done
Event: 1.403 loading class java/util/concurrent/locks/ReentrantReadWriteLock$Sync$ThreadLocalHoldCounter
Event: 1.403 loading class java/util/concurrent/locks/ReentrantReadWriteLock$Sync$ThreadLocalHoldCounter done
Event: 1.403 loading class java/util/concurrent/locks/ReentrantReadWriteLock$ReadLock
Event: 1.403 loading class java/util/concurrent/locks/ReentrantReadWriteLock$ReadLock done
Event: 1.403 loading class java/util/concurrent/locks/ReentrantReadWriteLock$WriteLock
Event: 1.403 loading class java/util/concurrent/locks/ReentrantReadWriteLock$WriteLock done
Event: 1.403 loading class com/sun/jmx/interceptor/DefaultMBeanServerInterceptor


Dynamic libraries:
0x00007ff70f430000 - 0x00007ff70f440000 	C:\Program Files\Java\jdk-17\bin\java.exe
0x00007ffb17830000 - 0x00007ffb17a28000 	C:\Windows\SYSTEM32\ntdll.dll
0x00007ffb15f70000 - 0x00007ffb16032000 	C:\Windows\System32\KERNEL32.DLL
0x00007ffb15180000 - 0x00007ffb15476000 	C:\Windows\System32\KERNELBASE.dll
0x00007ffb155b0000 - 0x00007ffb156b0000 	C:\Windows\System32\ucrtbase.dll
0x00007ffb05c80000 - 0x00007ffb05c99000 	C:\Program Files\Java\jdk-17\bin\jli.dll
0x00007ffb15da0000 - 0x00007ffb15e4f000 	C:\Windows\System32\ADVAPI32.dll
0x00007ffb16480000 - 0x00007ffb1651e000 	C:\Windows\System32\msvcrt.dll
0x00007ffb17210000 - 0x00007ffb172af000 	C:\Windows\System32\sechost.dll
0x00007ffb16ef0000 - 0x00007ffb17013000 	C:\Windows\System32\RPCRT4.dll
0x00007ffb06700000 - 0x00007ffb0671b000 	C:\Program Files\Java\jdk-17\bin\VCRUNTIME140.dll
0x00007ffb14ed0000 - 0x00007ffb14ef7000 	C:\Windows\System32\bcrypt.dll
0x00007ffb17040000 - 0x00007ffb171dd000 	C:\Windows\System32\USER32.dll
0x00007ffb154d0000 - 0x00007ffb154f2000 	C:\Windows\System32\win32u.dll
0x00007ffb171e0000 - 0x00007ffb1720b000 	C:\Windows\System32\GDI32.dll
0x00007ffb15060000 - 0x00007ffb1517a000 	C:\Windows\System32\gdi32full.dll
0x00007ffb15730000 - 0x00007ffb157cd000 	C:\Windows\System32\msvcp_win.dll
0x00007ffb03270000 - 0x00007ffb0350a000 	C:\Windows\WinSxS\amd64_microsoft.windows.common-controls_6595b64144ccf1df_6.0.19041.5794_none_60bcd33171f2783c\COMCTL32.dll
0x00007ffb03c00000 - 0x00007ffb03c0a000 	C:\Windows\SYSTEM32\VERSION.dll
0x00007ffb17740000 - 0x00007ffb1776f000 	C:\Windows\System32\IMM32.DLL
0x00007ffb0e590000 - 0x00007ffb0e59c000 	C:\Program Files\Java\jdk-17\bin\vcruntime140_1.dll
0x00007ffaf8010000 - 0x00007ffaf809e000 	C:\Program Files\Java\jdk-17\bin\msvcp140.dll
0x00007ffae9590000 - 0x00007ffaea171000 	C:\Program Files\Java\jdk-17\bin\server\jvm.dll
0x00007ffb15860000 - 0x00007ffb15868000 	C:\Windows\System32\PSAPI.DLL
0x00007ffb0e9c0000 - 0x00007ffb0e9c9000 	C:\Windows\SYSTEM32\WSOCK32.dll
0x00007ffb03bd0000 - 0x00007ffb03bf7000 	C:\Windows\SYSTEM32\WINMM.dll
0x00007ffb15e50000 - 0x00007ffb15ebb000 	C:\Windows\System32\WS2_32.dll
0x00007ffb12d10000 - 0x00007ffb12d22000 	C:\Windows\SYSTEM32\kernel.appcore.dll
0x00007ffb08060000 - 0x00007ffb0806a000 	C:\Program Files\Java\jdk-17\bin\jimage.dll
0x00007ffb03520000 - 0x00007ffb03704000 	C:\Windows\SYSTEM32\DBGHELP.DLL
0x00007ffb01c80000 - 0x00007ffb01cb4000 	C:\Windows\SYSTEM32\dbgcore.DLL
0x00007ffb157d0000 - 0x00007ffb15852000 	C:\Windows\System32\bcryptPrimitives.dll
0x00007ffb07ec0000 - 0x00007ffb07ece000 	C:\Program Files\Java\jdk-17\bin\instrument.dll
0x00007ffaf7640000 - 0x00007ffaf7665000 	C:\Program Files\Java\jdk-17\bin\java.dll
0x00007ffaeb6d0000 - 0x00007ffaeb7a7000 	C:\Program Files\Java\jdk-17\bin\jsvml.dll
0x00007ffb16580000 - 0x00007ffb16cee000 	C:\Windows\System32\SHELL32.dll
0x00007ffb12f10000 - 0x00007ffb136b3000 	C:\Windows\SYSTEM32\windows.storage.dll
0x00007ffb172b0000 - 0x00007ffb17603000 	C:\Windows\System32\combase.dll
0x00007ffb14750000 - 0x00007ffb1477b000 	C:\Windows\SYSTEM32\Wldp.dll
0x00007ffb16e20000 - 0x00007ffb16eed000 	C:\Windows\System32\OLEAUT32.dll
0x00007ffb163d0000 - 0x00007ffb1647d000 	C:\Windows\System32\SHCORE.dll
0x00007ffb15870000 - 0x00007ffb158c5000 	C:\Windows\System32\shlwapi.dll
0x00007ffb14e00000 - 0x00007ffb14e25000 	C:\Windows\SYSTEM32\profapi.dll
0x00007ffafde40000 - 0x00007ffafde58000 	C:\Program Files\Java\jdk-17\bin\zip.dll
0x00007ffb01900000 - 0x00007ffb01919000 	C:\Program Files\Java\jdk-17\bin\net.dll
0x00007ffb0cbf0000 - 0x00007ffb0ccfa000 	C:\Windows\SYSTEM32\WINHTTP.dll
0x00007ffb14530000 - 0x00007ffb1459c000 	C:\Windows\system32\mswsock.dll
0x00007ffafe5b0000 - 0x00007ffafe5c6000 	C:\Program Files\Java\jdk-17\bin\nio.dll
0x00007ffafc2c0000 - 0x00007ffafc2da000 	C:\Program Files\JetBrains\IntelliJ IDEA 2023.1.2\bin\breakgen64.dll
0x00007ffb14270000 - 0x00007ffb1433a000 	C:\Windows\SYSTEM32\DNSAPI.dll
0x00007ffb14230000 - 0x00007ffb1426b000 	C:\Windows\SYSTEM32\IPHLPAPI.DLL
0x00007ffb162e0000 - 0x00007ffb162e8000 	C:\Windows\System32\NSI.dll
0x0000000052890000 - 0x00000000528b6000 	C:\Program Files\Bonjour\mdnsNSP.dll
0x00007ffb064c0000 - 0x00007ffb064ca000 	C:\Windows\System32\rasadhlp.dll
0x00007ffb0ca20000 - 0x00007ffb0caa0000 	C:\Windows\System32\fwpuclnt.dll
0x00007ffb05c70000 - 0x00007ffb05c7a000 	C:\Program Files\Java\jdk-17\bin\management.dll

dbghelp: loaded successfully - version: 4.0.5 - missing functions: none
symbol engine: initialized successfully - sym options: 0x614 - pdb path: .;C:\Program Files\Java\jdk-17\bin;C:\Windows\SYSTEM32;C:\Windows\WinSxS\amd64_microsoft.windows.common-controls_6595b64144ccf1df_6.0.19041.5794_none_60bcd33171f2783c;C:\Program Files\Java\jdk-17\bin\server;C:\Program Files\JetBrains\IntelliJ IDEA 2023.1.2\bin;C:\Program Files\Bonjour

VM Arguments:
jvm_args: -XX:TieredStopAtLevel=1 -Dspring.output.ansi.enabled=always -Dcom.sun.management.jmxremote -Dspring.jmx.enabled=true -Dspring.liveBeansView.mbeanDomain -Dspring.application.admin.enabled=true -Dmanagement.endpoints.jmx.exposure.include=* -javaagent:C:\Program Files\JetBrains\IntelliJ IDEA 2023.1.2\lib\idea_rt.jar=57407:C:\Program Files\JetBrains\IntelliJ IDEA 2023.1.2\bin -Dfile.encoding=UTF-8 
java_command: medico.PPE.PpeApplication
java_class_path (initial): C:\Users\Rafiou\Documents\GitHub\medical\target\classes;C:\Users\Rafiou\.m2\repository\org\springframework\boot\spring-boot-starter-web\3.3.1\spring-boot-starter-web-3.3.1.jar;C:\Users\Rafiou\.m2\repository\org\springframework\boot\spring-boot-starter\3.3.1\spring-boot-starter-3.3.1.jar;C:\Users\Rafiou\.m2\repository\org\springframework\boot\spring-boot-starter-logging\3.3.1\spring-boot-starter-logging-3.3.1.jar;C:\Users\Rafiou\.m2\repository\ch\qos\logback\logback-classic\1.5.6\logback-classic-1.5.6.jar;C:\Users\Rafiou\.m2\repository\ch\qos\logback\logback-core\1.5.6\logback-core-1.5.6.jar;C:\Users\Rafiou\.m2\repository\org\apache\logging\log4j\log4j-to-slf4j\2.23.1\log4j-to-slf4j-2.23.1.jar;C:\Users\Rafiou\.m2\repository\org\apache\logging\log4j\log4j-api\2.23.1\log4j-api-2.23.1.jar;C:\Users\Rafiou\.m2\repository\org\slf4j\jul-to-slf4j\2.0.13\jul-to-slf4j-2.0.13.jar;C:\Users\Rafiou\.m2\repository\jakarta\annotation\jakarta.annotation-api\2.1.1\jakarta.annotation-api-2.1.1.jar;C:\Users\Rafiou\.m2\repository\org\yaml\snakeyaml\2.2\snakeyaml-2.2.jar;C:\Users\Rafiou\.m2\repository\org\springframework\boot\spring-boot-starter-json\3.3.1\spring-boot-starter-json-3.3.1.jar;C:\Users\Rafiou\.m2\repository\com\fasterxml\jackson\datatype\jackson-datatype-jdk8\2.17.1\jackson-datatype-jdk8-2.17.1.jar;C:\Users\Rafiou\.m2\repository\com\fasterxml\jackson\datatype\jackson-datatype-jsr310\2.17.1\jackson-datatype-jsr310-2.17.1.jar;C:\Users\Rafiou\.m2\repository\com\fasterxml\jackson\module\jackson-module-parameter-names\2.17.1\jackson-module-parameter-names-2.17.1.jar;C:\Users\Rafiou\.m2\repository\org\springframework\boot\spring-boot-starter-tomcat\3.3.1\spring-boot-starter-tomcat-3.3.1.jar;C:\Users\Rafiou\.m2\repository\org\apache\tomcat\embed\tomcat-embed-core\10.1.25\tomcat-embed-core-10.1.25.jar;C:\Users\Rafiou\.m2\repository\org\apache\tomcat\embed\tomcat-embed-websocket\10.1.25\tomcat-embed-websocket-10.1.25.jar;C:\Users\Rafiou\.m2\repository\org
Launcher Type: SUN_STANDARD

[Global flags]
     intx CICompilerCount                          = 3                                         {product} {ergonomic}
     uint ConcGCThreads                            = 1                                         {product} {ergonomic}
     uint G1ConcRefinementThreads                  = 4                                         {product} {ergonomic}
   size_t G1HeapRegionSize                         = 1048576                                   {product} {ergonomic}
    uintx GCDrainStackTargetSize                   = 64                                        {product} {ergonomic}
   size_t InitialHeapSize                          = 134217728                                 {product} {ergonomic}
     bool ManagementServer                         = true                                      {product} {command line}
   size_t MarkStackSize                            = 4194304                                   {product} {ergonomic}
   size_t MaxHeapSize                              = 2126512128                                {product} {ergonomic}
   size_t MaxNewSize                               = 1275068416                                {product} {ergonomic}
   size_t MinHeapDeltaBytes                        = 1048576                                   {product} {ergonomic}
   size_t MinHeapSize                              = 8388608                                   {product} {ergonomic}
    uintx NonProfiledCodeHeapSize                  = 0                                      {pd product} {ergonomic}
     bool ProfileInterpreter                       = false                                  {pd product} {command line}
    uintx ProfiledCodeHeapSize                     = 0                                      {pd product} {ergonomic}
   size_t SoftMaxHeapSize                          = 2126512128                             {manageable} {ergonomic}
     intx TieredStopAtLevel                        = 1                                         {product} {command line}
     bool UseCompressedClassPointers               = true                           {product lp64_product} {ergonomic}
     bool UseCompressedOops                        = true                           {product lp64_product} {ergonomic}
     bool UseG1GC                                  = true                                      {product} {ergonomic}
     bool UseLargePagesIndividualAllocation        = false                                  {pd product} {ergonomic}

Logging:
Log output configuration:
 #0: stdout all=warning uptime,level,tags
 #1: stderr all=off uptime,level,tags

Environment Variables:
JAVA_HOME=C:\Program Files\Java\jdk-17
PATH=C:\Users\Rafiou\AppData\Roaming\npm;C:\Program Files\Common Files\Oracle\Java\javapath;C:\Users\Rafiou\eclipse\java-2023-092\eclipse\eclipsec.exe;C:\Program Files\Git\cmd;C:\Program Files\Java\jdk-17;C:\Program Files (x86)\Microsoft Visual Studio;C:\src\flutter\bin;C:\Users\Rafiou\AppData\Roaming\npm\node_modules\@angular;C:\Program Files\nodejs\;C:\Users\Rafiou\AppData\Local\Programs\Python\Python312\Scripts\;C:\Users\Rafiou\AppData\Local\Programs\Python\Python312\;C:\Users\Rafiou\AppData\Roaming\npm\node_modules\@angular\cli\bin;C:\src\flutter\bin;C:\Users\Rafiou\AppData\Local\Programs\Microsoft VS Code\bin;C:\Users\Rafiou\AppData\Roaming\npm;C:\Program Files\JetBrains\PyCharm 2024.1.1\bin;
USERNAME=Rafiou
OS=Windows_NT
PROCESSOR_IDENTIFIER=Intel64 Family 6 Model 60 Stepping 3, GenuineIntel



---------------  S Y S T E M  ---------------

OS:
 Windows 10 , 64 bit Build 19041 (10.0.19041.5794)
OS uptime: 2 days 0:39 hours
Hyper-V role detected

CPU: total 4 (initial active 4) (2 cores per cpu, 2 threads per core) family 6 model 60 stepping 3 microcode 0x27, cx8, cmov, fxsr, ht, mmx, sse, sse2, sse3, ssse3, sse4.1, sse4.2, popcnt, lzcnt, tsc, tscinvbit, avx, avx2, aes, erms, clmul, bmi1, bmi2, fma, vzeroupper, clflush, hv

Memory: 4k page, system-wide physical 8105M (595M free)
TotalPageFile size 14865M (AvailPageFile size 10M)
current process WorkingSet (physical memory assigned to process): 44M, peak: 44M
current process commit charge ("private bytes"): 201M, peak: 201M

vm_info: Java HotSpot(TM) 64-Bit Server VM (17.0.9+11-LTS-201) for windows-amd64 JRE (17.0.9+11-LTS-201), built on Oct 10 2023 23:16:06 by "mach5one" with MS VC++ 17.1 (VS2022)

END.
